<?xml version="1.0" encoding="utf-8"?>
<!DOCTYPE coverage SYSTEM "http://cobertura.sourceforge.net/xml/coverage-04.dtd">
<coverage line-rate="0.0087527352297593" branch-rate="0" lines-covered="4" lines-valid="457" branches-covered="0" branches-valid="74" complexity="136" version="0" timestamp="1653000795">
  <sources>
    <source>D:\CalidadPracticaIV\TenistasAPI\</source>
    <source>C:\</source>
  </sources>
  <packages>
    <package name="TenistasAPI" line-rate="0" branch-rate="0" complexity="134">
      <classes>
        <class name="TenistasAPI.Controllers.TennisPlayersController" filename="D:\CalidadPracticaIV\TenistasAPI\TenistasAPI\Controllers\TennisPlayersController.cs" line-rate="0" branch-rate="0" complexity="10">
          <methods>
            <method name="GetTennisPlayers" signature="(...)" line-rate="0" branch-rate="1" complexity="1">
              <lines>
                <line number="23" hits="0" branch="false" />
                <line number="25" hits="0" branch="false" />
                <line number="26" hits="0" branch="false" />
                <line number="28" hits="0" branch="false" />
                <line number="29" hits="0" branch="false" />
                <line number="30" hits="0" branch="false" />
                <line number="32" hits="0" branch="false" />
                <line number="33" hits="0" branch="false" />
                <line number="34" hits="0" branch="false" />
                <line number="36" hits="0" branch="false" />
              </lines>
            </method>
            <method name="GetTennisPlayer" signature="(...)" line-rate="0" branch-rate="1" complexity="1">
              <lines>
                <line number="39" hits="0" branch="false" />
                <line number="41" hits="0" branch="false" />
                <line number="42" hits="0" branch="false" />
                <line number="44" hits="0" branch="false" />
                <line number="45" hits="0" branch="false" />
                <line number="46" hits="0" branch="false" />
                <line number="48" hits="0" branch="false" />
                <line number="49" hits="0" branch="false" />
                <line number="50" hits="0" branch="false" />
                <line number="52" hits="0" branch="false" />
              </lines>
            </method>
            <method name="CreateTennisPlayer" signature="(...)" line-rate="0" branch-rate="0" complexity="2">
              <lines>
                <line number="55" hits="0" branch="false" />
                <line number="57" hits="0" branch="false" />
                <line number="58" hits="0" branch="true" condition-coverage="0% (0/2)" />
                <line number="59" hits="0" branch="false" />
                <line number="60" hits="0" branch="false" />
                <line number="63" hits="0" branch="false" />
                <line number="64" hits="0" branch="false" />
                <line number="65" hits="0" branch="false" />
                <line number="67" hits="0" branch="false" />
                <line number="68" hits="0" branch="false" />
                <line number="69" hits="0" branch="false" />
                <line number="71" hits="0" branch="false" />
              </lines>
            </method>
            <method name="DeleteTennisPlayer" signature="(...)" line-rate="0" branch-rate="1" complexity="1">
              <lines>
                <line number="74" hits="0" branch="false" />
                <line number="76" hits="0" branch="false" />
                <line number="77" hits="0" branch="false" />
                <line number="79" hits="0" branch="false" />
                <line number="80" hits="0" branch="false" />
                <line number="81" hits="0" branch="false" />
                <line number="83" hits="0" branch="false" />
                <line number="84" hits="0" branch="false" />
                <line number="85" hits="0" branch="false" />
                <line number="87" hits="0" branch="false" />
              </lines>
            </method>
            <method name="UpdateTennisPlayer" signature="(...)" line-rate="0" branch-rate="1" complexity="1">
              <lines>
                <line number="90" hits="0" branch="false" />
                <line number="92" hits="0" branch="false" />
                <line number="93" hits="0" branch="false" />
                <line number="95" hits="0" branch="false" />
                <line number="96" hits="0" branch="false" />
                <line number="97" hits="0" branch="false" />
                <line number="99" hits="0" branch="false" />
              </lines>
            </method>
            <method name="GetTop10" signature="(...)" line-rate="0" branch-rate="1" complexity="1">
              <lines>
                <line number="102" hits="0" branch="false" />
                <line number="104" hits="0" branch="false" />
                <line number="105" hits="0" branch="false" />
                <line number="107" hits="0" branch="false" />
                <line number="108" hits="0" branch="false" />
                <line number="109" hits="0" branch="false" />
                <line number="111" hits="0" branch="false" />
                <line number="112" hits="0" branch="false" />
                <line number="113" hits="0" branch="false" />
                <line number="115" hits="0" branch="false" />
              </lines>
            </method>
            <method name="GetPlayerWithSameResults" signature="(...)" line-rate="0" branch-rate="1" complexity="1">
              <lines>
                <line number="118" hits="0" branch="false" />
                <line number="120" hits="0" branch="false" />
                <line number="121" hits="0" branch="false" />
                <line number="123" hits="0" branch="false" />
                <line number="124" hits="0" branch="false" />
                <line number="125" hits="0" branch="false" />
                <line number="127" hits="0" branch="false" />
                <line number="128" hits="0" branch="false" />
                <line number="129" hits="0" branch="false" />
                <line number="131" hits="0" branch="false" />
              </lines>
            </method>
            <method name="UpdateRankings" signature="(...)" line-rate="0" branch-rate="1" complexity="1">
              <lines>
                <line number="134" hits="0" branch="false" />
                <line number="136" hits="0" branch="false" />
                <line number="137" hits="0" branch="false" />
                <line number="139" hits="0" branch="false" />
                <line number="140" hits="0" branch="false" />
                <line number="141" hits="0" branch="false" />
                <line number="143" hits="0" branch="false" />
              </lines>
            </method>
            <method name=".ctor" signature="(...)" line-rate="0" branch-rate="1" complexity="1">
              <lines>
                <line number="17" hits="0" branch="false" />
                <line number="18" hits="0" branch="false" />
                <line number="19" hits="0" branch="false" />
                <line number="20" hits="0" branch="false" />
              </lines>
            </method>
          </methods>
          <lines>
            <line number="17" hits="0" branch="false" />
            <line number="18" hits="0" branch="false" />
            <line number="19" hits="0" branch="false" />
            <line number="20" hits="0" branch="false" />
            <line number="23" hits="0" branch="false" />
            <line number="25" hits="0" branch="false" />
            <line number="26" hits="0" branch="false" />
            <line number="28" hits="0" branch="false" />
            <line number="29" hits="0" branch="false" />
            <line number="30" hits="0" branch="false" />
            <line number="32" hits="0" branch="false" />
            <line number="33" hits="0" branch="false" />
            <line number="34" hits="0" branch="false" />
            <line number="36" hits="0" branch="false" />
            <line number="39" hits="0" branch="false" />
            <line number="41" hits="0" branch="false" />
            <line number="42" hits="0" branch="false" />
            <line number="44" hits="0" branch="false" />
            <line number="45" hits="0" branch="false" />
            <line number="46" hits="0" branch="false" />
            <line number="48" hits="0" branch="false" />
            <line number="49" hits="0" branch="false" />
            <line number="50" hits="0" branch="false" />
            <line number="52" hits="0" branch="false" />
            <line number="55" hits="0" branch="false" />
            <line number="57" hits="0" branch="false" />
            <line number="58" hits="0" branch="true" condition-coverage="0% (0/2)" />
            <line number="59" hits="0" branch="false" />
            <line number="60" hits="0" branch="false" />
            <line number="63" hits="0" branch="false" />
            <line number="64" hits="0" branch="false" />
            <line number="65" hits="0" branch="false" />
            <line number="67" hits="0" branch="false" />
            <line number="68" hits="0" branch="false" />
            <line number="69" hits="0" branch="false" />
            <line number="71" hits="0" branch="false" />
            <line number="74" hits="0" branch="false" />
            <line number="76" hits="0" branch="false" />
            <line number="77" hits="0" branch="false" />
            <line number="79" hits="0" branch="false" />
            <line number="80" hits="0" branch="false" />
            <line number="81" hits="0" branch="false" />
            <line number="83" hits="0" branch="false" />
            <line number="84" hits="0" branch="false" />
            <line number="85" hits="0" branch="false" />
            <line number="87" hits="0" branch="false" />
            <line number="90" hits="0" branch="false" />
            <line number="92" hits="0" branch="false" />
            <line number="93" hits="0" branch="false" />
            <line number="95" hits="0" branch="false" />
            <line number="96" hits="0" branch="false" />
            <line number="97" hits="0" branch="false" />
            <line number="99" hits="0" branch="false" />
            <line number="102" hits="0" branch="false" />
            <line number="104" hits="0" branch="false" />
            <line number="105" hits="0" branch="false" />
            <line number="107" hits="0" branch="false" />
            <line number="108" hits="0" branch="false" />
            <line number="109" hits="0" branch="false" />
            <line number="111" hits="0" branch="false" />
            <line number="112" hits="0" branch="false" />
            <line number="113" hits="0" branch="false" />
            <line number="115" hits="0" branch="false" />
            <line number="118" hits="0" branch="false" />
            <line number="120" hits="0" branch="false" />
            <line number="121" hits="0" branch="false" />
            <line number="123" hits="0" branch="false" />
            <line number="124" hits="0" branch="false" />
            <line number="125" hits="0" branch="false" />
            <line number="127" hits="0" branch="false" />
            <line number="128" hits="0" branch="false" />
            <line number="129" hits="0" branch="false" />
            <line number="131" hits="0" branch="false" />
            <line number="134" hits="0" branch="false" />
            <line number="136" hits="0" branch="false" />
            <line number="137" hits="0" branch="false" />
            <line number="139" hits="0" branch="false" />
            <line number="140" hits="0" branch="false" />
            <line number="141" hits="0" branch="false" />
            <line number="143" hits="0" branch="false" />
          </lines>
        </class>
        <class name="TenistasAPI.Controllers.TourneyController" filename="D:\CalidadPracticaIV\TenistasAPI\TenistasAPI\Controllers\TourneyController.cs" line-rate="0" branch-rate="0" complexity="7">
          <methods>
            <method name="GetTourneys" signature="(...)" line-rate="0" branch-rate="1" complexity="1">
              <lines>
                <line number="23" hits="0" branch="false" />
                <line number="25" hits="0" branch="false" />
                <line number="26" hits="0" branch="false" />
                <line number="28" hits="0" branch="false" />
                <line number="29" hits="0" branch="false" />
                <line number="30" hits="0" branch="false" />
                <line number="32" hits="0" branch="false" />
                <line number="33" hits="0" branch="false" />
                <line number="34" hits="0" branch="false" />
                <line number="36" hits="0" branch="false" />
              </lines>
            </method>
            <method name="GetTourney" signature="(...)" line-rate="0" branch-rate="1" complexity="1">
              <lines>
                <line number="39" hits="0" branch="false" />
                <line number="41" hits="0" branch="false" />
                <line number="42" hits="0" branch="false" />
                <line number="44" hits="0" branch="false" />
                <line number="45" hits="0" branch="false" />
                <line number="46" hits="0" branch="false" />
                <line number="48" hits="0" branch="false" />
                <line number="49" hits="0" branch="false" />
                <line number="50" hits="0" branch="false" />
                <line number="52" hits="0" branch="false" />
              </lines>
            </method>
            <method name="CreateTourney" signature="(...)" line-rate="0" branch-rate="0" complexity="2">
              <lines>
                <line number="55" hits="0" branch="false" />
                <line number="57" hits="0" branch="false" />
                <line number="58" hits="0" branch="true" condition-coverage="0% (0/2)" />
                <line number="59" hits="0" branch="false" />
                <line number="60" hits="0" branch="false" />
                <line number="63" hits="0" branch="false" />
                <line number="64" hits="0" branch="false" />
                <line number="65" hits="0" branch="false" />
                <line number="67" hits="0" branch="false" />
                <line number="68" hits="0" branch="false" />
                <line number="69" hits="0" branch="false" />
                <line number="71" hits="0" branch="false" />
              </lines>
            </method>
            <method name="DeleteTennisPlayer" signature="(...)" line-rate="0" branch-rate="1" complexity="1">
              <lines>
                <line number="74" hits="0" branch="false" />
                <line number="76" hits="0" branch="false" />
                <line number="77" hits="0" branch="false" />
                <line number="79" hits="0" branch="false" />
                <line number="80" hits="0" branch="false" />
                <line number="81" hits="0" branch="false" />
                <line number="83" hits="0" branch="false" />
                <line number="84" hits="0" branch="false" />
                <line number="85" hits="0" branch="false" />
                <line number="87" hits="0" branch="false" />
              </lines>
            </method>
            <method name="UpdateTennisPlayer" signature="(...)" line-rate="0" branch-rate="1" complexity="1">
              <lines>
                <line number="90" hits="0" branch="false" />
                <line number="92" hits="0" branch="false" />
                <line number="93" hits="0" branch="false" />
                <line number="95" hits="0" branch="false" />
                <line number="96" hits="0" branch="false" />
                <line number="97" hits="0" branch="false" />
                <line number="99" hits="0" branch="false" />
              </lines>
            </method>
            <method name=".ctor" signature="(...)" line-rate="0" branch-rate="1" complexity="1">
              <lines>
                <line number="17" hits="0" branch="false" />
                <line number="18" hits="0" branch="false" />
                <line number="19" hits="0" branch="false" />
                <line number="20" hits="0" branch="false" />
              </lines>
            </method>
          </methods>
          <lines>
            <line number="17" hits="0" branch="false" />
            <line number="18" hits="0" branch="false" />
            <line number="19" hits="0" branch="false" />
            <line number="20" hits="0" branch="false" />
            <line number="23" hits="0" branch="false" />
            <line number="25" hits="0" branch="false" />
            <line number="26" hits="0" branch="false" />
            <line number="28" hits="0" branch="false" />
            <line number="29" hits="0" branch="false" />
            <line number="30" hits="0" branch="false" />
            <line number="32" hits="0" branch="false" />
            <line number="33" hits="0" branch="false" />
            <line number="34" hits="0" branch="false" />
            <line number="36" hits="0" branch="false" />
            <line number="39" hits="0" branch="false" />
            <line number="41" hits="0" branch="false" />
            <line number="42" hits="0" branch="false" />
            <line number="44" hits="0" branch="false" />
            <line number="45" hits="0" branch="false" />
            <line number="46" hits="0" branch="false" />
            <line number="48" hits="0" branch="false" />
            <line number="49" hits="0" branch="false" />
            <line number="50" hits="0" branch="false" />
            <line number="52" hits="0" branch="false" />
            <line number="55" hits="0" branch="false" />
            <line number="57" hits="0" branch="false" />
            <line number="58" hits="0" branch="true" condition-coverage="0% (0/2)" />
            <line number="59" hits="0" branch="false" />
            <line number="60" hits="0" branch="false" />
            <line number="63" hits="0" branch="false" />
            <line number="64" hits="0" branch="false" />
            <line number="65" hits="0" branch="false" />
            <line number="67" hits="0" branch="false" />
            <line number="68" hits="0" branch="false" />
            <line number="69" hits="0" branch="false" />
            <line number="71" hits="0" branch="false" />
            <line number="74" hits="0" branch="false" />
            <line number="76" hits="0" branch="false" />
            <line number="77" hits="0" branch="false" />
            <line number="79" hits="0" branch="false" />
            <line number="80" hits="0" branch="false" />
            <line number="81" hits="0" branch="false" />
            <line number="83" hits="0" branch="false" />
            <line number="84" hits="0" branch="false" />
            <line number="85" hits="0" branch="false" />
            <line number="87" hits="0" branch="false" />
            <line number="90" hits="0" branch="false" />
            <line number="92" hits="0" branch="false" />
            <line number="93" hits="0" branch="false" />
            <line number="95" hits="0" branch="false" />
            <line number="96" hits="0" branch="false" />
            <line number="97" hits="0" branch="false" />
            <line number="99" hits="0" branch="false" />
          </lines>
        </class>
        <class name="TenistasAPI.Data.AutomapperProfile" filename="D:\CalidadPracticaIV\TenistasAPI\TenistasAPI\Data\AutomapperProfile.cs" line-rate="0" branch-rate="1" complexity="1">
          <methods>
            <method name=".ctor" signature="()" line-rate="0" branch-rate="1" complexity="1">
              <lines>
                <line number="13" hits="0" branch="false" />
                <line number="14" hits="0" branch="false" />
                <line number="15" hits="0" branch="false" />
                <line number="16" hits="0" branch="false" />
                <line number="17" hits="0" branch="false" />
                <line number="18" hits="0" branch="false" />
                <line number="19" hits="0" branch="false" />
                <line number="20" hits="0" branch="false" />
                <line number="21" hits="0" branch="false" />
                <line number="22" hits="0" branch="false" />
              </lines>
            </method>
          </methods>
          <lines>
            <line number="13" hits="0" branch="false" />
            <line number="14" hits="0" branch="false" />
            <line number="15" hits="0" branch="false" />
            <line number="16" hits="0" branch="false" />
            <line number="17" hits="0" branch="false" />
            <line number="18" hits="0" branch="false" />
            <line number="19" hits="0" branch="false" />
            <line number="20" hits="0" branch="false" />
            <line number="21" hits="0" branch="false" />
            <line number="22" hits="0" branch="false" />
          </lines>
        </class>
        <class name="TenistasAPI.Data.Entities.TennisPlayerEntity" filename="D:\CalidadPracticaIV\TenistasAPI\TenistasAPI\Data\Entities\TennisPlayerEntity.cs" line-rate="0" branch-rate="1" complexity="9">
          <methods>
            <method name="get_Id" signature="()" line-rate="0" branch-rate="1" complexity="1">
              <lines>
                <line number="10" hits="0" branch="false" />
              </lines>
            </method>
            <method name="get_FullName" signature="()" line-rate="0" branch-rate="1" complexity="1">
              <lines>
                <line number="11" hits="0" branch="false" />
              </lines>
            </method>
            <method name="get_Nationality" signature="()" line-rate="0" branch-rate="1" complexity="1">
              <lines>
                <line number="12" hits="0" branch="false" />
              </lines>
            </method>
            <method name="get_Ranking" signature="()" line-rate="0" branch-rate="1" complexity="1">
              <lines>
                <line number="13" hits="0" branch="false" />
              </lines>
            </method>
            <method name="get_BestRanking" signature="()" line-rate="0" branch-rate="1" complexity="1">
              <lines>
                <line number="14" hits="0" branch="false" />
              </lines>
            </method>
            <method name="get_GrandSlamTitles" signature="()" line-rate="0" branch-rate="1" complexity="1">
              <lines>
                <line number="15" hits="0" branch="false" />
              </lines>
            </method>
            <method name="get_TotalTitles" signature="()" line-rate="0" branch-rate="1" complexity="1">
              <lines>
                <line number="16" hits="0" branch="false" />
              </lines>
            </method>
            <method name="get_Birthdate" signature="()" line-rate="0" branch-rate="1" complexity="1">
              <lines>
                <line number="17" hits="0" branch="false" />
              </lines>
            </method>
            <method name="get_Tourneys" signature="()" line-rate="0" branch-rate="1" complexity="1">
              <lines>
                <line number="18" hits="0" branch="false" />
              </lines>
            </method>
          </methods>
          <lines>
            <line number="10" hits="0" branch="false" />
            <line number="11" hits="0" branch="false" />
            <line number="12" hits="0" branch="false" />
            <line number="13" hits="0" branch="false" />
            <line number="14" hits="0" branch="false" />
            <line number="15" hits="0" branch="false" />
            <line number="16" hits="0" branch="false" />
            <line number="17" hits="0" branch="false" />
            <line number="18" hits="0" branch="false" />
          </lines>
        </class>
        <class name="TenistasAPI.Data.Entities.TourneyEntity" filename="D:\CalidadPracticaIV\TenistasAPI\TenistasAPI\Data\Entities\TourneyEntity.cs" line-rate="0" branch-rate="1" complexity="4">
          <methods>
            <method name="get_Id" signature="()" line-rate="0" branch-rate="1" complexity="1">
              <lines>
                <line number="10" hits="0" branch="false" />
              </lines>
            </method>
            <method name="get_Name" signature="()" line-rate="0" branch-rate="1" complexity="1">
              <lines>
                <line number="11" hits="0" branch="false" />
              </lines>
            </method>
            <method name="get_Country" signature="()" line-rate="0" branch-rate="1" complexity="1">
              <lines>
                <line number="12" hits="0" branch="false" />
              </lines>
            </method>
            <method name="get_playerId" signature="()" line-rate="0" branch-rate="1" complexity="1">
              <lines>
                <line number="13" hits="0" branch="false" />
              </lines>
            </method>
          </methods>
          <lines>
            <line number="10" hits="0" branch="false" />
            <line number="11" hits="0" branch="false" />
            <line number="12" hits="0" branch="false" />
            <line number="13" hits="0" branch="false" />
          </lines>
        </class>
        <class name="TenistasAPI.Data.Repository.LibraryRepository" filename="D:\CalidadPracticaIV\TenistasAPI\TenistasAPI\Data\Repository\LibraryRepository.cs" line-rate="0" branch-rate="0" complexity="50">
          <methods>
            <method name="CreateTennisPlayer" signature="(...)" line-rate="0" branch-rate="0" complexity="2">
              <lines>
                <line number="40" hits="0" branch="false" />
                <line number="42" hits="0" branch="true" condition-coverage="0% (0/2)" />
                <line number="43" hits="0" branch="false" />
                <line number="44" hits="0" branch="false" />
                <line number="45" hits="0" branch="false" />
                <line number="47" hits="0" branch="false" />
                <line number="48" hits="0" branch="false" />
                <line number="49" hits="0" branch="false" />
                <line number="51" hits="0" branch="false" />
                <line number="53" hits="0" branch="false" />
                <line number="54" hits="0" branch="false" />
                <line number="55" hits="0" branch="false" />
              </lines>
            </method>
            <method name="CreateTourney" signature="(...)" line-rate="0" branch-rate="0" complexity="2">
              <lines>
                <line number="58" hits="0" branch="false" />
                <line number="60" hits="0" branch="true" condition-coverage="0% (0/2)" />
                <line number="61" hits="0" branch="false" />
                <line number="62" hits="0" branch="false" />
                <line number="63" hits="0" branch="false" />
                <line number="65" hits="0" branch="false" />
                <line number="66" hits="0" branch="false" />
                <line number="67" hits="0" branch="false" />
                <line number="69" hits="0" branch="false" />
                <line number="71" hits="0" branch="false" />
                <line number="72" hits="0" branch="false" />
                <line number="73" hits="0" branch="false" />
              </lines>
            </method>
            <method name="DeleteTennisPlayer" signature="(...)" line-rate="0" branch-rate="1" complexity="1">
              <lines>
                <line number="76" hits="0" branch="false" />
                <line number="77" hits="0" branch="false" />
                <line number="78" hits="0" branch="false" />
                <line number="79" hits="0" branch="false" />
                <line number="80" hits="0" branch="false" />
              </lines>
            </method>
            <method name="DeleteTourney" signature="(...)" line-rate="0" branch-rate="1" complexity="1">
              <lines>
                <line number="83" hits="0" branch="false" />
                <line number="84" hits="0" branch="false" />
                <line number="85" hits="0" branch="false" />
                <line number="86" hits="0" branch="false" />
                <line number="87" hits="0" branch="false" />
              </lines>
            </method>
            <method name="GetPlayerWithSameResults" signature="(...)" line-rate="0" branch-rate="0" complexity="4">
              <lines>
                <line number="90" hits="0" branch="false" />
                <line number="91" hits="0" branch="false" />
                <line number="92" hits="0" branch="true" condition-coverage="0% (0/4)" />
                <line number="95" hits="0" branch="false" />
                <line number="97" hits="0" branch="false" />
                <line number="99" hits="0" branch="false" />
                <line number="102" hits="0" branch="false" />
              </lines>
            </method>
            <method name="GetTennisPlayer" signature="(...)" line-rate="0" branch-rate="1" complexity="1">
              <lines>
                <line number="105" hits="0" branch="false" />
                <line number="106" hits="0" branch="false" />
                <line number="107" hits="0" branch="false" />
              </lines>
            </method>
            <method name="GetTennisPlayers" signature="(...)" line-rate="0" branch-rate="0" complexity="2">
              <lines>
                <line number="110" hits="0" branch="false" />
                <line number="111" hits="0" branch="true" condition-coverage="0% (0/2)" />
                <line number="112" hits="0" branch="false" />
                <line number="113" hits="0" branch="false" />
                <line number="114" hits="0" branch="false" />
                <line number="115" hits="0" branch="false" />
                <line number="117" hits="0" branch="false" />
              </lines>
            </method>
            <method name="GetTop10" signature="(...)" line-rate="0" branch-rate="0" complexity="6">
              <lines>
                <line number="120" hits="0" branch="false" />
                <line number="122" hits="0" branch="false" />
                <line number="123" hits="0" branch="true" condition-coverage="0% (0/2)" />
                <line number="124" hits="0" branch="true" condition-coverage="0% (0/2)" />
                <line number="126" hits="0" branch="true" condition-coverage="0% (0/2)" />
                <line number="128" hits="0" branch="false" />
              </lines>
            </method>
            <method name="GetTourney" signature="(...)" line-rate="0" branch-rate="1" complexity="1">
              <lines>
                <line number="131" hits="0" branch="false" />
                <line number="132" hits="0" branch="false" />
                <line number="133" hits="0" branch="false" />
              </lines>
            </method>
            <method name="GetTourneys" signature="(...)" line-rate="0" branch-rate="1" complexity="1">
              <lines>
                <line number="136" hits="0" branch="false" />
                <line number="137" hits="0" branch="false" />
                <line number="138" hits="0" branch="false" />
              </lines>
            </method>
            <method name="UpdateRankings" signature="(...)" line-rate="0" branch-rate="0" complexity="6">
              <lines>
                <line number="141" hits="0" branch="false" />
                <line number="143" hits="0" branch="false" />
                <line number="144" hits="0" branch="false" />
                <line number="145" hits="0" branch="true" condition-coverage="0% (0/2)" />
                <line number="146" hits="0" branch="true" condition-coverage="0% (0/2)" />
                <line number="147" hits="0" branch="false" />
                <line number="148" hits="0" branch="true" condition-coverage="0% (0/2)" />
                <line number="149" hits="0" branch="false" />
                <line number="150" hits="0" branch="false" />
                <line number="151" hits="0" branch="false" />
                <line number="152" hits="0" branch="false" />
              </lines>
            </method>
            <method name="UpdateTennisPlayer" signature="(...)" line-rate="0" branch-rate="0" complexity="14">
              <lines>
                <line number="155" hits="0" branch="false" />
                <line number="156" hits="0" branch="false" />
                <line number="157" hits="0" branch="true" condition-coverage="0% (0/2)" />
                <line number="158" hits="0" branch="true" condition-coverage="0% (0/2)" />
                <line number="159" hits="0" branch="true" condition-coverage="0% (0/2)" />
                <line number="160" hits="0" branch="true" condition-coverage="0% (0/2)" />
                <line number="161" hits="0" branch="true" condition-coverage="0% (0/2)" />
                <line number="162" hits="0" branch="true" condition-coverage="0% (0/2)" />
                <line number="163" hits="0" branch="true" condition-coverage="0% (0/2)" />
                <line number="165" hits="0" branch="false" />
                <line number="166" hits="0" branch="false" />
              </lines>
            </method>
            <method name="UpdateTourney" signature="(...)" line-rate="0" branch-rate="0" complexity="6">
              <lines>
                <line number="169" hits="0" branch="false" />
                <line number="170" hits="0" branch="false" />
                <line number="171" hits="0" branch="true" condition-coverage="0% (0/2)" />
                <line number="172" hits="0" branch="true" condition-coverage="0% (0/2)" />
                <line number="173" hits="0" branch="true" condition-coverage="0% (0/2)" />
                <line number="174" hits="0" branch="false" />
                <line number="175" hits="0" branch="false" />
              </lines>
            </method>
            <method name="VerifyNationality" signature="(...)" line-rate="0" branch-rate="0" complexity="2">
              <lines>
                <line number="178" hits="0" branch="false" />
                <line number="179" hits="0" branch="true" condition-coverage="0% (0/2)" />
                <line number="180" hits="0" branch="false" />
                <line number="182" hits="0" branch="false" />
                <line number="183" hits="0" branch="false" />
              </lines>
            </method>
            <method name=".ctor" signature="()" line-rate="0" branch-rate="1" complexity="1">
              <lines>
                <line number="11" hits="0" branch="false" />
                <line number="12" hits="0" branch="false" />
                <line number="13" hits="0" branch="false" />
                <line number="14" hits="0" branch="false" />
                <line number="15" hits="0" branch="false" />
                <line number="16" hits="0" branch="false" />
                <line number="17" hits="0" branch="false" />
                <line number="18" hits="0" branch="false" />
                <line number="19" hits="0" branch="false" />
                <line number="20" hits="0" branch="false" />
                <line number="21" hits="0" branch="false" />
                <line number="22" hits="0" branch="false" />
                <line number="23" hits="0" branch="false" />
                <line number="24" hits="0" branch="false" />
                <line number="25" hits="0" branch="false" />
                <line number="26" hits="0" branch="false" />
                <line number="27" hits="0" branch="false" />
                <line number="28" hits="0" branch="false" />
                <line number="29" hits="0" branch="false" />
                <line number="30" hits="0" branch="false" />
                <line number="31" hits="0" branch="false" />
                <line number="32" hits="0" branch="false" />
                <line number="33" hits="0" branch="false" />
                <line number="34" hits="0" branch="false" />
                <line number="35" hits="0" branch="false" />
                <line number="36" hits="0" branch="false" />
                <line number="37" hits="0" branch="false" />
              </lines>
            </method>
          </methods>
          <lines>
            <line number="11" hits="0" branch="false" />
            <line number="12" hits="0" branch="false" />
            <line number="13" hits="0" branch="false" />
            <line number="14" hits="0" branch="false" />
            <line number="15" hits="0" branch="false" />
            <line number="16" hits="0" branch="false" />
            <line number="17" hits="0" branch="false" />
            <line number="18" hits="0" branch="false" />
            <line number="19" hits="0" branch="false" />
            <line number="20" hits="0" branch="false" />
            <line number="21" hits="0" branch="false" />
            <line number="22" hits="0" branch="false" />
            <line number="23" hits="0" branch="false" />
            <line number="24" hits="0" branch="false" />
            <line number="25" hits="0" branch="false" />
            <line number="26" hits="0" branch="false" />
            <line number="27" hits="0" branch="false" />
            <line number="28" hits="0" branch="false" />
            <line number="29" hits="0" branch="false" />
            <line number="30" hits="0" branch="false" />
            <line number="31" hits="0" branch="false" />
            <line number="32" hits="0" branch="false" />
            <line number="33" hits="0" branch="false" />
            <line number="34" hits="0" branch="false" />
            <line number="35" hits="0" branch="false" />
            <line number="36" hits="0" branch="false" />
            <line number="37" hits="0" branch="false" />
            <line number="40" hits="0" branch="false" />
            <line number="42" hits="0" branch="true" condition-coverage="0% (0/2)" />
            <line number="43" hits="0" branch="false" />
            <line number="44" hits="0" branch="false" />
            <line number="45" hits="0" branch="false" />
            <line number="47" hits="0" branch="false" />
            <line number="48" hits="0" branch="false" />
            <line number="49" hits="0" branch="false" />
            <line number="51" hits="0" branch="false" />
            <line number="53" hits="0" branch="false" />
            <line number="54" hits="0" branch="false" />
            <line number="55" hits="0" branch="false" />
            <line number="58" hits="0" branch="false" />
            <line number="60" hits="0" branch="true" condition-coverage="0% (0/2)" />
            <line number="61" hits="0" branch="false" />
            <line number="62" hits="0" branch="false" />
            <line number="63" hits="0" branch="false" />
            <line number="65" hits="0" branch="false" />
            <line number="66" hits="0" branch="false" />
            <line number="67" hits="0" branch="false" />
            <line number="69" hits="0" branch="false" />
            <line number="71" hits="0" branch="false" />
            <line number="72" hits="0" branch="false" />
            <line number="73" hits="0" branch="false" />
            <line number="76" hits="0" branch="false" />
            <line number="77" hits="0" branch="false" />
            <line number="78" hits="0" branch="false" />
            <line number="79" hits="0" branch="false" />
            <line number="80" hits="0" branch="false" />
            <line number="83" hits="0" branch="false" />
            <line number="84" hits="0" branch="false" />
            <line number="85" hits="0" branch="false" />
            <line number="86" hits="0" branch="false" />
            <line number="87" hits="0" branch="false" />
            <line number="90" hits="0" branch="false" />
            <line number="91" hits="0" branch="false" />
            <line number="92" hits="0" branch="true" condition-coverage="0% (0/4)" />
            <line number="95" hits="0" branch="false" />
            <line number="97" hits="0" branch="false" />
            <line number="99" hits="0" branch="false" />
            <line number="102" hits="0" branch="false" />
            <line number="105" hits="0" branch="false" />
            <line number="106" hits="0" branch="false" />
            <line number="107" hits="0" branch="false" />
            <line number="110" hits="0" branch="false" />
            <line number="111" hits="0" branch="true" condition-coverage="0% (0/2)" />
            <line number="112" hits="0" branch="false" />
            <line number="113" hits="0" branch="false" />
            <line number="114" hits="0" branch="false" />
            <line number="115" hits="0" branch="false" />
            <line number="117" hits="0" branch="false" />
            <line number="120" hits="0" branch="false" />
            <line number="122" hits="0" branch="false" />
            <line number="123" hits="0" branch="true" condition-coverage="0% (0/2)" />
            <line number="124" hits="0" branch="true" condition-coverage="0% (0/2)" />
            <line number="126" hits="0" branch="true" condition-coverage="0% (0/2)" />
            <line number="128" hits="0" branch="false" />
            <line number="131" hits="0" branch="false" />
            <line number="132" hits="0" branch="false" />
            <line number="133" hits="0" branch="false" />
            <line number="136" hits="0" branch="false" />
            <line number="137" hits="0" branch="false" />
            <line number="138" hits="0" branch="false" />
            <line number="141" hits="0" branch="false" />
            <line number="143" hits="0" branch="false" />
            <line number="144" hits="0" branch="false" />
            <line number="145" hits="0" branch="true" condition-coverage="0% (0/2)" />
            <line number="146" hits="0" branch="true" condition-coverage="0% (0/2)" />
            <line number="147" hits="0" branch="false" />
            <line number="148" hits="0" branch="true" condition-coverage="0% (0/2)" />
            <line number="149" hits="0" branch="false" />
            <line number="150" hits="0" branch="false" />
            <line number="151" hits="0" branch="false" />
            <line number="152" hits="0" branch="false" />
            <line number="155" hits="0" branch="false" />
            <line number="156" hits="0" branch="false" />
            <line number="157" hits="0" branch="true" condition-coverage="0% (0/2)" />
            <line number="158" hits="0" branch="true" condition-coverage="0% (0/2)" />
            <line number="159" hits="0" branch="true" condition-coverage="0% (0/2)" />
            <line number="160" hits="0" branch="true" condition-coverage="0% (0/2)" />
            <line number="161" hits="0" branch="true" condition-coverage="0% (0/2)" />
            <line number="162" hits="0" branch="true" condition-coverage="0% (0/2)" />
            <line number="163" hits="0" branch="true" condition-coverage="0% (0/2)" />
            <line number="165" hits="0" branch="false" />
            <line number="166" hits="0" branch="false" />
            <line number="169" hits="0" branch="false" />
            <line number="170" hits="0" branch="false" />
            <line number="171" hits="0" branch="true" condition-coverage="0% (0/2)" />
            <line number="172" hits="0" branch="true" condition-coverage="0% (0/2)" />
            <line number="173" hits="0" branch="true" condition-coverage="0% (0/2)" />
            <line number="174" hits="0" branch="false" />
            <line number="175" hits="0" branch="false" />
            <line number="178" hits="0" branch="false" />
            <line number="179" hits="0" branch="true" condition-coverage="0% (0/2)" />
            <line number="180" hits="0" branch="false" />
            <line number="182" hits="0" branch="false" />
            <line number="183" hits="0" branch="false" />
          </lines>
        </class>
        <class name="TenistasAPI.Exceptions.BadRequestOperationException" filename="D:\CalidadPracticaIV\TenistasAPI\TenistasAPI\Exceptions\BadRequestOperationException.cs" line-rate="0" branch-rate="1" complexity="1">
          <methods>
            <method name=".ctor" signature="(...)" line-rate="0" branch-rate="1" complexity="1">
              <lines>
                <line number="11" hits="0" branch="false" />
                <line number="12" hits="0" branch="false" />
                <line number="13" hits="0" branch="false" />
              </lines>
            </method>
          </methods>
          <lines>
            <line number="11" hits="0" branch="false" />
            <line number="12" hits="0" branch="false" />
            <line number="13" hits="0" branch="false" />
          </lines>
        </class>
        <class name="TenistasAPI.Exceptions.NotFoundOperationException" filename="D:\CalidadPracticaIV\TenistasAPI\TenistasAPI\Exceptions\NotFoundOperationException.cs" line-rate="0" branch-rate="1" complexity="1">
          <methods>
            <method name=".ctor" signature="(...)" line-rate="0" branch-rate="1" complexity="1">
              <lines>
                <line number="11" hits="0" branch="false" />
                <line number="12" hits="0" branch="false" />
                <line number="13" hits="0" branch="false" />
              </lines>
            </method>
          </methods>
          <lines>
            <line number="11" hits="0" branch="false" />
            <line number="12" hits="0" branch="false" />
            <line number="13" hits="0" branch="false" />
          </lines>
        </class>
        <class name="TenistasAPI.Models.TennisPlayerModel" filename="D:\CalidadPracticaIV\TenistasAPI\TenistasAPI\Models\TennisPlayerModel.cs" line-rate="0" branch-rate="1" complexity="9">
          <methods>
            <method name="get_Id" signature="()" line-rate="0" branch-rate="1" complexity="1">
              <lines>
                <line number="12" hits="0" branch="false" />
              </lines>
            </method>
            <method name="get_Name" signature="()" line-rate="0" branch-rate="1" complexity="1">
              <lines>
                <line number="14" hits="0" branch="false" />
              </lines>
            </method>
            <method name="get_Nationality" signature="()" line-rate="0" branch-rate="1" complexity="1">
              <lines>
                <line number="15" hits="0" branch="false" />
              </lines>
            </method>
            <method name="get_CurrentRanking" signature="()" line-rate="0" branch-rate="1" complexity="1">
              <lines>
                <line number="16" hits="0" branch="false" />
              </lines>
            </method>
            <method name="get_BestRanking" signature="()" line-rate="0" branch-rate="1" complexity="1">
              <lines>
                <line number="17" hits="0" branch="false" />
              </lines>
            </method>
            <method name="get_GrandSlamTitles" signature="()" line-rate="0" branch-rate="1" complexity="1">
              <lines>
                <line number="18" hits="0" branch="false" />
              </lines>
            </method>
            <method name="get_CareerTitles" signature="()" line-rate="0" branch-rate="1" complexity="1">
              <lines>
                <line number="20" hits="0" branch="false" />
              </lines>
            </method>
            <method name="get_Birthdate" signature="()" line-rate="0" branch-rate="1" complexity="1">
              <lines>
                <line number="22" hits="0" branch="false" />
              </lines>
            </method>
            <method name="get_Tourneys" signature="()" line-rate="0" branch-rate="1" complexity="1">
              <lines>
                <line number="23" hits="0" branch="false" />
              </lines>
            </method>
          </methods>
          <lines>
            <line number="12" hits="0" branch="false" />
            <line number="14" hits="0" branch="false" />
            <line number="15" hits="0" branch="false" />
            <line number="16" hits="0" branch="false" />
            <line number="17" hits="0" branch="false" />
            <line number="18" hits="0" branch="false" />
            <line number="20" hits="0" branch="false" />
            <line number="22" hits="0" branch="false" />
            <line number="23" hits="0" branch="false" />
          </lines>
        </class>
        <class name="TenistasAPI.Models.TourneyModel" filename="D:\CalidadPracticaIV\TenistasAPI\TenistasAPI\Models\TourneyModel.cs" line-rate="0" branch-rate="1" complexity="4">
          <methods>
            <method name="get_Id" signature="()" line-rate="0" branch-rate="1" complexity="1">
              <lines>
                <line number="11" hits="0" branch="false" />
              </lines>
            </method>
            <method name="get_Name" signature="()" line-rate="0" branch-rate="1" complexity="1">
              <lines>
                <line number="12" hits="0" branch="false" />
              </lines>
            </method>
            <method name="get_Country" signature="()" line-rate="0" branch-rate="1" complexity="1">
              <lines>
                <line number="13" hits="0" branch="false" />
              </lines>
            </method>
            <method name="get_playerId" signature="()" line-rate="0" branch-rate="1" complexity="1">
              <lines>
                <line number="14" hits="0" branch="false" />
              </lines>
            </method>
          </methods>
          <lines>
            <line number="11" hits="0" branch="false" />
            <line number="12" hits="0" branch="false" />
            <line number="13" hits="0" branch="false" />
            <line number="14" hits="0" branch="false" />
          </lines>
        </class>
        <class name="TenistasAPI.Program" filename="D:\CalidadPracticaIV\TenistasAPI\TenistasAPI\Program.cs" line-rate="0" branch-rate="1" complexity="2">
          <methods>
            <method name="Main" signature="(...)" line-rate="0" branch-rate="1" complexity="1">
              <lines>
                <line number="15" hits="0" branch="false" />
                <line number="16" hits="0" branch="false" />
                <line number="17" hits="0" branch="false" />
              </lines>
            </method>
            <method name="CreateHostBuilder" signature="(...)" line-rate="0" branch-rate="1" complexity="1">
              <lines>
                <line number="20" hits="0" branch="false" />
                <line number="21" hits="0" branch="false" />
                <line number="22" hits="0" branch="false" />
                <line number="23" hits="0" branch="false" />
                <line number="24" hits="0" branch="false" />
              </lines>
            </method>
          </methods>
          <lines>
            <line number="15" hits="0" branch="false" />
            <line number="16" hits="0" branch="false" />
            <line number="17" hits="0" branch="false" />
            <line number="20" hits="0" branch="false" />
            <line number="21" hits="0" branch="false" />
            <line number="22" hits="0" branch="false" />
            <line number="23" hits="0" branch="false" />
            <line number="24" hits="0" branch="false" />
          </lines>
        </class>
        <class name="TenistasAPI.Services.TennisPlayersService" filename="D:\CalidadPracticaIV\TenistasAPI\TenistasAPI\Services\TennisPlayersService.cs" line-rate="0" branch-rate="0" complexity="16">
          <methods>
            <method name="CreateTennisPlayer" signature="(...)" line-rate="0" branch-rate="1" complexity="1">
              <lines>
                <line number="36" hits="0" branch="false" />
                <line number="37" hits="0" branch="false" />
                <line number="38" hits="0" branch="false" />
                <line number="39" hits="0" branch="false" />
                <line number="40" hits="0" branch="false" />
              </lines>
            </method>
            <method name="DeleteTennisPlayer" signature="(...)" line-rate="0" branch-rate="1" complexity="1">
              <lines>
                <line number="43" hits="0" branch="false" />
                <line number="44" hits="0" branch="false" />
                <line number="45" hits="0" branch="false" />
                <line number="46" hits="0" branch="false" />
              </lines>
            </method>
            <method name="GetPlayerWithSameResults" signature="(...)" line-rate="0" branch-rate="0" complexity="2">
              <lines>
                <line number="49" hits="0" branch="false" />
                <line number="50" hits="0" branch="false" />
                <line number="51" hits="0" branch="true" condition-coverage="0% (0/2)" />
                <line number="52" hits="0" branch="false" />
                <line number="53" hits="0" branch="false" />
                <line number="55" hits="0" branch="false" />
                <line number="56" hits="0" branch="false" />
              </lines>
            </method>
            <method name="GetTennisPlayer" signature="(...)" line-rate="0" branch-rate="0" complexity="2">
              <lines>
                <line number="59" hits="0" branch="false" />
                <line number="60" hits="0" branch="false" />
                <line number="61" hits="0" branch="true" condition-coverage="0% (0/2)" />
                <line number="62" hits="0" branch="false" />
                <line number="63" hits="0" branch="false" />
                <line number="65" hits="0" branch="false" />
                <line number="67" hits="0" branch="false" />
              </lines>
            </method>
            <method name="GetTennisPlayers" signature="(...)" line-rate="0" branch-rate="0" complexity="2">
              <lines>
                <line number="70" hits="0" branch="false" />
                <line number="71" hits="0" branch="true" condition-coverage="0% (0/2)" />
                <line number="72" hits="0" branch="false" />
                <line number="73" hits="0" branch="false" />
                <line number="75" hits="0" branch="false" />
                <line number="76" hits="0" branch="false" />
              </lines>
            </method>
            <method name="GetTop10" signature="(...)" line-rate="0" branch-rate="0" complexity="4">
              <lines>
                <line number="79" hits="0" branch="false" />
                <line number="80" hits="0" branch="true" condition-coverage="0% (0/2)" />
                <line number="81" hits="0" branch="false" />
                <line number="82" hits="0" branch="true" condition-coverage="0% (0/2)" />
                <line number="83" hits="0" branch="false" />
                <line number="84" hits="0" branch="false" />
                <line number="86" hits="0" branch="false" />
                <line number="87" hits="0" branch="false" />
              </lines>
            </method>
            <method name="UpdateRankings" signature="(...)" line-rate="0" branch-rate="0" complexity="2">
              <lines>
                <line number="90" hits="0" branch="false" />
                <line number="91" hits="0" branch="true" condition-coverage="0% (0/2)" />
                <line number="92" hits="0" branch="false" />
                <line number="93" hits="0" branch="false" />
                <line number="94" hits="0" branch="false" />
                <line number="95" hits="0" branch="false" />
              </lines>
            </method>
            <method name="UpdateTennisPlayer" signature="(...)" line-rate="0" branch-rate="1" complexity="1">
              <lines>
                <line number="98" hits="0" branch="false" />
                <line number="99" hits="0" branch="false" />
                <line number="100" hits="0" branch="false" />
                <line number="101" hits="0" branch="false" />
                <line number="102" hits="0" branch="false" />
                <line number="103" hits="0" branch="false" />
              </lines>
            </method>
            <method name=".ctor" signature="(...)" line-rate="0" branch-rate="1" complexity="1">
              <lines>
                <line number="18" hits="0" branch="false" />
                <line number="19" hits="0" branch="false" />
                <line number="20" hits="0" branch="false" />
                <line number="21" hits="0" branch="false" />
                <line number="22" hits="0" branch="false" />
                <line number="23" hits="0" branch="false" />
                <line number="24" hits="0" branch="false" />
                <line number="25" hits="0" branch="false" />
                <line number="26" hits="0" branch="false" />
                <line number="27" hits="0" branch="false" />
                <line number="28" hits="0" branch="false" />
                <line number="29" hits="0" branch="false" />
                <line number="30" hits="0" branch="false" />
                <line number="31" hits="0" branch="false" />
                <line number="32" hits="0" branch="false" />
                <line number="33" hits="0" branch="false" />
                <line number="34" hits="0" branch="false" />
              </lines>
            </method>
          </methods>
          <lines>
            <line number="18" hits="0" branch="false" />
            <line number="19" hits="0" branch="false" />
            <line number="20" hits="0" branch="false" />
            <line number="21" hits="0" branch="false" />
            <line number="22" hits="0" branch="false" />
            <line number="23" hits="0" branch="false" />
            <line number="24" hits="0" branch="false" />
            <line number="25" hits="0" branch="false" />
            <line number="26" hits="0" branch="false" />
            <line number="27" hits="0" branch="false" />
            <line number="28" hits="0" branch="false" />
            <line number="29" hits="0" branch="false" />
            <line number="30" hits="0" branch="false" />
            <line number="31" hits="0" branch="false" />
            <line number="32" hits="0" branch="false" />
            <line number="33" hits="0" branch="false" />
            <line number="34" hits="0" branch="false" />
            <line number="36" hits="0" branch="false" />
            <line number="37" hits="0" branch="false" />
            <line number="38" hits="0" branch="false" />
            <line number="39" hits="0" branch="false" />
            <line number="40" hits="0" branch="false" />
            <line number="43" hits="0" branch="false" />
            <line number="44" hits="0" branch="false" />
            <line number="45" hits="0" branch="false" />
            <line number="46" hits="0" branch="false" />
            <line number="49" hits="0" branch="false" />
            <line number="50" hits="0" branch="false" />
            <line number="51" hits="0" branch="true" condition-coverage="0% (0/2)" />
            <line number="52" hits="0" branch="false" />
            <line number="53" hits="0" branch="false" />
            <line number="55" hits="0" branch="false" />
            <line number="56" hits="0" branch="false" />
            <line number="59" hits="0" branch="false" />
            <line number="60" hits="0" branch="false" />
            <line number="61" hits="0" branch="true" condition-coverage="0% (0/2)" />
            <line number="62" hits="0" branch="false" />
            <line number="63" hits="0" branch="false" />
            <line number="65" hits="0" branch="false" />
            <line number="67" hits="0" branch="false" />
            <line number="70" hits="0" branch="false" />
            <line number="71" hits="0" branch="true" condition-coverage="0% (0/2)" />
            <line number="72" hits="0" branch="false" />
            <line number="73" hits="0" branch="false" />
            <line number="75" hits="0" branch="false" />
            <line number="76" hits="0" branch="false" />
            <line number="79" hits="0" branch="false" />
            <line number="80" hits="0" branch="true" condition-coverage="0% (0/2)" />
            <line number="81" hits="0" branch="false" />
            <line number="82" hits="0" branch="true" condition-coverage="0% (0/2)" />
            <line number="83" hits="0" branch="false" />
            <line number="84" hits="0" branch="false" />
            <line number="86" hits="0" branch="false" />
            <line number="87" hits="0" branch="false" />
            <line number="90" hits="0" branch="false" />
            <line number="91" hits="0" branch="true" condition-coverage="0% (0/2)" />
            <line number="92" hits="0" branch="false" />
            <line number="93" hits="0" branch="false" />
            <line number="94" hits="0" branch="false" />
            <line number="95" hits="0" branch="false" />
            <line number="98" hits="0" branch="false" />
            <line number="99" hits="0" branch="false" />
            <line number="100" hits="0" branch="false" />
            <line number="101" hits="0" branch="false" />
            <line number="102" hits="0" branch="false" />
            <line number="103" hits="0" branch="false" />
          </lines>
        </class>
        <class name="TenistasAPI.Services.TourneyService" filename="D:\CalidadPracticaIV\TenistasAPI\TenistasAPI\Services\TourneyService.cs" line-rate="0" branch-rate="0" complexity="15">
          <methods>
            <method name="CreateTourney" signature="(...)" line-rate="0" branch-rate="1" complexity="1">
              <lines>
                <line number="24" hits="0" branch="false" />
                <line number="25" hits="0" branch="false" />
                <line number="26" hits="0" branch="false" />
                <line number="27" hits="0" branch="false" />
                <line number="28" hits="0" branch="false" />
                <line number="29" hits="0" branch="false" />
                <line number="31" hits="0" branch="false" />
              </lines>
            </method>
            <method name="DeleteTourney" signature="(...)" line-rate="0" branch-rate="0" complexity="2">
              <lines>
                <line number="34" hits="0" branch="false" />
                <line number="35" hits="0" branch="false" />
                <line number="36" hits="0" branch="false" />
                <line number="37" hits="0" branch="true" condition-coverage="0% (0/2)" />
                <line number="38" hits="0" branch="false" />
                <line number="39" hits="0" branch="false" />
                <line number="41" hits="0" branch="false" />
                <line number="42" hits="0" branch="false" />
              </lines>
            </method>
            <method name="GetTourney" signature="(...)" line-rate="0" branch-rate="0" complexity="6">
              <lines>
                <line number="45" hits="0" branch="false" />
                <line number="46" hits="0" branch="false" />
                <line number="47" hits="0" branch="false" />
                <line number="48" hits="0" branch="true" condition-coverage="0% (0/2)" />
                <line number="49" hits="0" branch="false" />
                <line number="50" hits="0" branch="true" condition-coverage="0% (0/2)" />
                <line number="51" hits="0" branch="false" />
                <line number="52" hits="0" branch="true" condition-coverage="0% (0/2)" />
                <line number="53" hits="0" branch="false" />
                <line number="54" hits="0" branch="false" />
                <line number="56" hits="0" branch="false" />
                <line number="57" hits="0" branch="false" />
              </lines>
            </method>
            <method name="GetTourneys" signature="(...)" line-rate="0" branch-rate="0" complexity="2">
              <lines>
                <line number="60" hits="0" branch="false" />
                <line number="61" hits="0" branch="false" />
                <line number="62" hits="0" branch="true" condition-coverage="0% (0/2)" />
                <line number="63" hits="0" branch="false" />
                <line number="64" hits="0" branch="false" />
                <line number="65" hits="0" branch="false" />
              </lines>
            </method>
            <method name="UpdateTourney" signature="(...)" line-rate="0" branch-rate="1" complexity="1">
              <lines>
                <line number="68" hits="0" branch="false" />
                <line number="69" hits="0" branch="false" />
                <line number="70" hits="0" branch="false" />
                <line number="71" hits="0" branch="false" />
                <line number="72" hits="0" branch="false" />
                <line number="73" hits="0" branch="false" />
                <line number="74" hits="0" branch="false" />
              </lines>
            </method>
            <method name="ValidatePlayer" signature="(...)" line-rate="0" branch-rate="0" complexity="2">
              <lines>
                <line number="77" hits="0" branch="false" />
                <line number="78" hits="0" branch="false" />
                <line number="79" hits="0" branch="true" condition-coverage="0% (0/2)" />
                <line number="80" hits="0" branch="false" />
                <line number="81" hits="0" branch="false" />
              </lines>
            </method>
            <method name=".ctor" signature="(...)" line-rate="0" branch-rate="1" complexity="1">
              <lines>
                <line number="17" hits="0" branch="false" />
                <line number="18" hits="0" branch="false" />
                <line number="19" hits="0" branch="false" />
                <line number="20" hits="0" branch="false" />
                <line number="21" hits="0" branch="false" />
              </lines>
            </method>
          </methods>
          <lines>
            <line number="17" hits="0" branch="false" />
            <line number="18" hits="0" branch="false" />
            <line number="19" hits="0" branch="false" />
            <line number="20" hits="0" branch="false" />
            <line number="21" hits="0" branch="false" />
            <line number="24" hits="0" branch="false" />
            <line number="25" hits="0" branch="false" />
            <line number="26" hits="0" branch="false" />
            <line number="27" hits="0" branch="false" />
            <line number="28" hits="0" branch="false" />
            <line number="29" hits="0" branch="false" />
            <line number="31" hits="0" branch="false" />
            <line number="34" hits="0" branch="false" />
            <line number="35" hits="0" branch="false" />
            <line number="36" hits="0" branch="false" />
            <line number="37" hits="0" branch="true" condition-coverage="0% (0/2)" />
            <line number="38" hits="0" branch="false" />
            <line number="39" hits="0" branch="false" />
            <line number="41" hits="0" branch="false" />
            <line number="42" hits="0" branch="false" />
            <line number="45" hits="0" branch="false" />
            <line number="46" hits="0" branch="false" />
            <line number="47" hits="0" branch="false" />
            <line number="48" hits="0" branch="true" condition-coverage="0% (0/2)" />
            <line number="49" hits="0" branch="false" />
            <line number="50" hits="0" branch="true" condition-coverage="0% (0/2)" />
            <line number="51" hits="0" branch="false" />
            <line number="52" hits="0" branch="true" condition-coverage="0% (0/2)" />
            <line number="53" hits="0" branch="false" />
            <line number="54" hits="0" branch="false" />
            <line number="56" hits="0" branch="false" />
            <line number="57" hits="0" branch="false" />
            <line number="60" hits="0" branch="false" />
            <line number="61" hits="0" branch="false" />
            <line number="62" hits="0" branch="true" condition-coverage="0% (0/2)" />
            <line number="63" hits="0" branch="false" />
            <line number="64" hits="0" branch="false" />
            <line number="65" hits="0" branch="false" />
            <line number="68" hits="0" branch="false" />
            <line number="69" hits="0" branch="false" />
            <line number="70" hits="0" branch="false" />
            <line number="71" hits="0" branch="false" />
            <line number="72" hits="0" branch="false" />
            <line number="73" hits="0" branch="false" />
            <line number="74" hits="0" branch="false" />
            <line number="77" hits="0" branch="false" />
            <line number="78" hits="0" branch="false" />
            <line number="79" hits="0" branch="true" condition-coverage="0% (0/2)" />
            <line number="80" hits="0" branch="false" />
            <line number="81" hits="0" branch="false" />
          </lines>
        </class>
        <class name="TenistasAPI.Startup" filename="D:\CalidadPracticaIV\TenistasAPI\TenistasAPI\Startup.cs" line-rate="0" branch-rate="0" complexity="5">
          <methods>
            <method name="get_Configuration" signature="()" line-rate="0" branch-rate="1" complexity="1">
              <lines>
                <line number="25" hits="0" branch="false" />
              </lines>
            </method>
            <method name="ConfigureServices" signature="(...)" line-rate="0" branch-rate="1" complexity="1">
              <lines>
                <line number="29" hits="0" branch="false" />
                <line number="30" hits="0" branch="false" />
                <line number="32" hits="0" branch="false" />
                <line number="33" hits="0" branch="false" />
                <line number="34" hits="0" branch="false" />
                <line number="36" hits="0" branch="false" />
                <line number="37" hits="0" branch="false" />
              </lines>
            </method>
            <method name="Configure" signature="(...)" line-rate="0" branch-rate="0" complexity="2">
              <lines>
                <line number="41" hits="0" branch="false" />
                <line number="42" hits="0" branch="true" condition-coverage="0% (0/2)" />
                <line number="43" hits="0" branch="false" />
                <line number="44" hits="0" branch="false" />
                <line number="45" hits="0" branch="false" />
                <line number="47" hits="0" branch="false" />
                <line number="49" hits="0" branch="false" />
                <line number="51" hits="0" branch="false" />
                <line number="52" hits="0" branch="false" />
                <line number="53" hits="0" branch="false" />
                <line number="54" hits="0" branch="false" />
                <line number="55" hits="0" branch="false" />
              </lines>
            </method>
            <method name=".ctor" signature="(...)" line-rate="0" branch-rate="1" complexity="1">
              <lines>
                <line number="20" hits="0" branch="false" />
                <line number="21" hits="0" branch="false" />
                <line number="22" hits="0" branch="false" />
                <line number="23" hits="0" branch="false" />
              </lines>
            </method>
          </methods>
          <lines>
            <line number="20" hits="0" branch="false" />
            <line number="21" hits="0" branch="false" />
            <line number="22" hits="0" branch="false" />
            <line number="23" hits="0" branch="false" />
            <line number="25" hits="0" branch="false" />
            <line number="29" hits="0" branch="false" />
            <line number="30" hits="0" branch="false" />
            <line number="32" hits="0" branch="false" />
            <line number="33" hits="0" branch="false" />
            <line number="34" hits="0" branch="false" />
            <line number="36" hits="0" branch="false" />
            <line number="37" hits="0" branch="false" />
            <line number="41" hits="0" branch="false" />
            <line number="42" hits="0" branch="true" condition-coverage="0% (0/2)" />
            <line number="43" hits="0" branch="false" />
            <line number="44" hits="0" branch="false" />
            <line number="45" hits="0" branch="false" />
            <line number="47" hits="0" branch="false" />
            <line number="49" hits="0" branch="false" />
            <line number="51" hits="0" branch="false" />
            <line number="52" hits="0" branch="false" />
            <line number="53" hits="0" branch="false" />
            <line number="54" hits="0" branch="false" />
            <line number="55" hits="0" branch="false" />
          </lines>
        </class>
      </classes>
    </package>
    <package name="TenistasUnitTest" line-rate="0.4" branch-rate="1" complexity="2">
      <classes>
        <class name="AutoGeneratedProgram" filename="C:\Users\Juan Luis\.nuget\packages\microsoft.net.test.sdk\16.5.0\build\netcoreapp2.1\Microsoft.NET.Test.Sdk.Program.cs" line-rate="0" branch-rate="1" complexity="1">
          <methods>
            <method name="Main" signature="(...)" line-rate="0" branch-rate="1" complexity="1">
              <lines>
                <line number="4" hits="0" branch="false" />
              </lines>
            </method>
          </methods>
          <lines>
            <line number="4" hits="0" branch="false" />
          </lines>
        </class>
        <class name="TenistasUnitTest.ControllerTests.TennisPlayersControllerTest" filename="D:\CalidadPracticaIV\TenistasAPI\TenistasUnitTest\ControllerTests\TennisPlayersController.cs" line-rate="0.4444444444444444" branch-rate="1" complexity="1">
          <methods>
            <method name="GetTennisPlayer" signature="()" line-rate="0.4444444444444444" branch-rate="1" complexity="1">
              <lines>
                <line number="20" hits="1" branch="false" />
                <line number="21" hits="1" branch="false" />
                <line number="22" hits="1" branch="false" />
                <line number="23" hits="1" branch="false" />
                <line number="24" hits="0" branch="false" />
                <line number="25" hits="0" branch="false" />
                <line number="26" hits="0" branch="false" />
                <line number="27" hits="0" branch="false" />
                <line number="29" hits="0" branch="false" />
              </lines>
            </method>
          </methods>
          <lines>
            <line number="20" hits="1" branch="false" />
            <line number="21" hits="1" branch="false" />
            <line number="22" hits="1" branch="false" />
            <line number="23" hits="1" branch="false" />
            <line number="24" hits="0" branch="false" />
            <line number="25" hits="0" branch="false" />
            <line number="26" hits="0" branch="false" />
            <line number="27" hits="0" branch="false" />
            <line number="29" hits="0" branch="false" />
          </lines>
        </class>
      </classes>
    </package>
  </packages>
</coverage>