TpTrace Verbose: 0 : 4472, 1, 2022/05/19, 23:06:39.383, 3647051905679, vstest.console.dll, Version: 17.1.0-release-20220113-05
TpTrace Information: 0 : 4472, 1, 2022/05/19, 23:06:39.392, 3647051979602, vstest.console.dll, FilePatternParser: The given file D:\CalidadPracticaIV\TenistasAPI\TenistasUnitTest\bin\Debug\netcoreapp3.1\fine-code-coverage\build-output\TenistasUnitTest.dll is a full path.
TpTrace Verbose: 0 : 4472, 1, 2022/05/19, 23:06:39.396, 3647052028086, vstest.console.dll, TestPluginCache.DiscoverTestExtensions: finding test extensions in assemblies ends with: RuntimeProvider.dll TPluginInfo: Microsoft.VisualStudio.TestPlatform.Common.ExtensionFramework.Utilities.TestRuntimePluginInformation TExtension: Microsoft.VisualStudio.TestPlatform.ObjectModel.Host.ITestRuntimeProvider
TpTrace Verbose: 0 : 4472, 1, 2022/05/19, 23:06:39.397, 3647052036025, vstest.console.dll, TestPluginCache.GetExtensionPaths: Filtered extension paths: 
TpTrace Verbose: 0 : 4472, 1, 2022/05/19, 23:06:39.397, 3647052037035, vstest.console.dll, TestPluginCache.GetExtensionPaths: Added default extension paths: C:\Program Files\dotnet\sdk\6.0.203\Extensions\DumpMinitool.exe
C:\Program Files\dotnet\sdk\6.0.203\Extensions\DumpMinitool.x86.exe
C:\Program Files\dotnet\sdk\6.0.203\Extensions\Microsoft.Diagnostics.NETCore.Client.dll
C:\Program Files\dotnet\sdk\6.0.203\Extensions\Microsoft.TestPlatform.Extensions.BlameDataCollector.dll
C:\Program Files\dotnet\sdk\6.0.203\Extensions\Microsoft.TestPlatform.Extensions.EventLogCollector.dll
C:\Program Files\dotnet\sdk\6.0.203\Extensions\Microsoft.TestPlatform.TestHostRuntimeProvider.dll
C:\Program Files\dotnet\sdk\6.0.203\Extensions\Microsoft.VisualStudio.TestPlatform.Extensions.Html.TestLogger.dll
C:\Program Files\dotnet\sdk\6.0.203\Extensions\Microsoft.VisualStudio.TestPlatform.Extensions.Trx.TestLogger.dll
TpTrace Verbose: 0 : 4472, 1, 2022/05/19, 23:06:39.397, 3647052037370, vstest.console.dll, TestPluginCache.GetExtensionPaths: Added unfilterableExtensionPaths: 
TpTrace Information: 0 : 4472, 1, 2022/05/19, 23:06:39.398, 3647052044263, vstest.console.dll, AssemblyResolver.ctor: Creating AssemblyResolver with searchDirectories C:\Program Files\dotnet\sdk\6.0.203\Extensions,C:\Program Files\dotnet\sdk\6.0.203
TpTrace Verbose: 0 : 4472, 1, 2022/05/19, 23:06:39.399, 3647052053725, vstest.console.dll, TestPluginCache.DiscoverTestExtensions: Discovering the extensions using extension path.
TpTrace Verbose: 0 : 4472, 1, 2022/05/19, 23:06:39.399, 3647052054702, vstest.console.dll, TestPluginCache.GetExtensionPaths: Filtered extension paths: 
TpTrace Verbose: 0 : 4472, 1, 2022/05/19, 23:06:39.399, 3647052055124, vstest.console.dll, TestPluginCache.GetExtensionPaths: Added default extension paths: C:\Program Files\dotnet\sdk\6.0.203\Extensions\DumpMinitool.exe
C:\Program Files\dotnet\sdk\6.0.203\Extensions\DumpMinitool.x86.exe
C:\Program Files\dotnet\sdk\6.0.203\Extensions\Microsoft.Diagnostics.NETCore.Client.dll
C:\Program Files\dotnet\sdk\6.0.203\Extensions\Microsoft.TestPlatform.Extensions.BlameDataCollector.dll
C:\Program Files\dotnet\sdk\6.0.203\Extensions\Microsoft.TestPlatform.Extensions.EventLogCollector.dll
C:\Program Files\dotnet\sdk\6.0.203\Extensions\Microsoft.TestPlatform.TestHostRuntimeProvider.dll
C:\Program Files\dotnet\sdk\6.0.203\Extensions\Microsoft.VisualStudio.TestPlatform.Extensions.Html.TestLogger.dll
C:\Program Files\dotnet\sdk\6.0.203\Extensions\Microsoft.VisualStudio.TestPlatform.Extensions.Trx.TestLogger.dll
TpTrace Verbose: 0 : 4472, 1, 2022/05/19, 23:06:39.399, 3647052055422, vstest.console.dll, TestPluginCache.GetExtensionPaths: Added unfilterableExtensionPaths: 
TpTrace Verbose: 0 : 4472, 1, 2022/05/19, 23:06:39.399, 3647052055904, vstest.console.dll, TestPluginCache.DiscoverTestExtensions: Discovering the extensions using allExtensionPaths: C:\Program Files\dotnet\sdk\6.0.203\Extensions\DumpMinitool.exe
C:\Program Files\dotnet\sdk\6.0.203\Extensions\DumpMinitool.x86.exe
C:\Program Files\dotnet\sdk\6.0.203\Extensions\Microsoft.Diagnostics.NETCore.Client.dll
C:\Program Files\dotnet\sdk\6.0.203\Extensions\Microsoft.TestPlatform.Extensions.BlameDataCollector.dll
C:\Program Files\dotnet\sdk\6.0.203\Extensions\Microsoft.TestPlatform.Extensions.EventLogCollector.dll
C:\Program Files\dotnet\sdk\6.0.203\Extensions\Microsoft.TestPlatform.TestHostRuntimeProvider.dll
C:\Program Files\dotnet\sdk\6.0.203\Extensions\Microsoft.VisualStudio.TestPlatform.Extensions.Html.TestLogger.dll
C:\Program Files\dotnet\sdk\6.0.203\Extensions\Microsoft.VisualStudio.TestPlatform.Extensions.Trx.TestLogger.dll
TpTrace Information: 0 : 4472, 1, 2022/05/19, 23:06:39.399, 3647052057277, vstest.console.dll, AssemblyResolver.AddSearchDirectories: Adding more searchDirectories C:\Program Files\dotnet\sdk\6.0.203\Extensions,C:\Program Files\dotnet\sdk\6.0.203
TpTrace Information: 0 : 4472, 1, 2022/05/19, 23:06:39.399, 3647052057734, vstest.console.dll, AssemblyResolver.AddSearchDirectories: Adding more searchDirectories C:\Program Files\dotnet\sdk\6.0.203\Extensions,C:\Program Files\dotnet\sdk\6.0.203
TpTrace Information: 0 : 4472, 1, 2022/05/19, 23:06:39.399, 3647052058011, vstest.console.dll, AssemblyResolver.AddSearchDirectories: Adding more searchDirectories C:\Program Files\dotnet\sdk\6.0.203\Extensions,C:\Program Files\dotnet\sdk\6.0.203
TpTrace Information: 0 : 4472, 1, 2022/05/19, 23:06:39.399, 3647052058302, vstest.console.dll, AssemblyResolver.AddSearchDirectories: Adding more searchDirectories C:\Program Files\dotnet\sdk\6.0.203\Extensions,C:\Program Files\dotnet\sdk\6.0.203
TpTrace Information: 0 : 4472, 1, 2022/05/19, 23:06:39.399, 3647052058538, vstest.console.dll, AssemblyResolver.AddSearchDirectories: Adding more searchDirectories C:\Program Files\dotnet\sdk\6.0.203\Extensions,C:\Program Files\dotnet\sdk\6.0.203
TpTrace Information: 0 : 4472, 1, 2022/05/19, 23:06:39.399, 3647052058770, vstest.console.dll, AssemblyResolver.AddSearchDirectories: Adding more searchDirectories C:\Program Files\dotnet\sdk\6.0.203\Extensions,C:\Program Files\dotnet\sdk\6.0.203
TpTrace Information: 0 : 4472, 1, 2022/05/19, 23:06:39.399, 3647052059040, vstest.console.dll, AssemblyResolver.AddSearchDirectories: Adding more searchDirectories C:\Program Files\dotnet\sdk\6.0.203\Extensions,C:\Program Files\dotnet\sdk\6.0.203
TpTrace Information: 0 : 4472, 1, 2022/05/19, 23:06:39.399, 3647052059282, vstest.console.dll, AssemblyResolver.AddSearchDirectories: Adding more searchDirectories C:\Program Files\dotnet\sdk\6.0.203\Extensions,C:\Program Files\dotnet\sdk\6.0.203
TpTrace Information: 0 : 4472, 1, 2022/05/19, 23:06:39.400, 3647052061890, vstest.console.dll, AssemblyResolver.OnResolve: DumpMinitool: Resolving assembly.
TpTrace Information: 0 : 4472, 1, 2022/05/19, 23:06:39.400, 3647052062515, vstest.console.dll, AssemblyResolver.OnResolve: DumpMinitool: Searching in: 'C:\Program Files\dotnet\sdk\6.0.203\Extensions'.
TpTrace Information: 0 : 4472, 1, 2022/05/19, 23:06:39.400, 3647052063260, vstest.console.dll, AssemblyResolver.OnResolve: DumpMinitool: Assembly path does not exist: 'C:\Program Files\dotnet\sdk\6.0.203\Extensions\DumpMinitool.dll', returning.
TpTrace Information: 0 : 4472, 1, 2022/05/19, 23:06:39.400, 3647052067569, vstest.console.dll, AssemblyResolver.OnResolve: DumpMinitool: Loading assembly 'C:\Program Files\dotnet\sdk\6.0.203\Extensions\DumpMinitool.exe'.
TpTrace Information: 0 : 4472, 1, 2022/05/19, 23:06:39.401, 3647052072083, vstest.console.dll, AssemblyResolver.OnResolve: Resolved assembly: DumpMinitool, from path: C:\Program Files\dotnet\sdk\6.0.203\Extensions\DumpMinitool.exe
TpTrace Information: 0 : 4472, 1, 2022/05/19, 23:06:39.404, 3647052109449, vstest.console.dll, AssemblyResolver.OnResolve: DumpMinitool.x86: Resolving assembly.
TpTrace Information: 0 : 4472, 1, 2022/05/19, 23:06:39.405, 3647052110062, vstest.console.dll, AssemblyResolver.OnResolve: DumpMinitool.x86: Searching in: 'C:\Program Files\dotnet\sdk\6.0.203\Extensions'.
TpTrace Information: 0 : 4472, 1, 2022/05/19, 23:06:39.405, 3647052110606, vstest.console.dll, AssemblyResolver.OnResolve: DumpMinitool.x86: Assembly path does not exist: 'C:\Program Files\dotnet\sdk\6.0.203\Extensions\DumpMinitool.x86.dll', returning.
TpTrace Information: 0 : 4472, 1, 2022/05/19, 23:06:39.405, 3647052113924, vstest.console.dll, AssemblyResolver.OnResolve: DumpMinitool.x86: Loading assembly 'C:\Program Files\dotnet\sdk\6.0.203\Extensions\DumpMinitool.x86.exe'.
TpTrace Information: 0 : 4472, 1, 2022/05/19, 23:06:39.405, 3647052117928, vstest.console.dll, AssemblyResolver.OnResolve: Resolved assembly: DumpMinitool.x86, from path: C:\Program Files\dotnet\sdk\6.0.203\Extensions\DumpMinitool.x86.exe
TpTrace Information: 0 : 4472, 1, 2022/05/19, 23:06:39.406, 3647052119980, vstest.console.dll, AssemblyResolver.OnResolve: Microsoft.Diagnostics.NETCore.Client: Resolving assembly.
TpTrace Information: 0 : 4472, 1, 2022/05/19, 23:06:39.406, 3647052120356, vstest.console.dll, AssemblyResolver.OnResolve: Microsoft.Diagnostics.NETCore.Client: Searching in: 'C:\Program Files\dotnet\sdk\6.0.203\Extensions'.
TpTrace Information: 0 : 4472, 1, 2022/05/19, 23:06:39.406, 3647052123415, vstest.console.dll, AssemblyResolver.OnResolve: Microsoft.Diagnostics.NETCore.Client: Loading assembly 'C:\Program Files\dotnet\sdk\6.0.203\Extensions\Microsoft.Diagnostics.NETCore.Client.dll'.
TpTrace Information: 0 : 4472, 1, 2022/05/19, 23:06:39.406, 3647052127549, vstest.console.dll, AssemblyResolver.OnResolve: Resolved assembly: Microsoft.Diagnostics.NETCore.Client, from path: C:\Program Files\dotnet\sdk\6.0.203\Extensions\Microsoft.Diagnostics.NETCore.Client.dll
TpTrace Information: 0 : 4472, 1, 2022/05/19, 23:06:39.409, 3647052149646, vstest.console.dll, AssemblyResolver.OnResolve: Microsoft.Bcl.AsyncInterfaces: Resolving assembly.
TpTrace Information: 0 : 4472, 1, 2022/05/19, 23:06:39.409, 3647052150191, vstest.console.dll, AssemblyResolver.OnResolve: Microsoft.Bcl.AsyncInterfaces: Searching in: 'C:\Program Files\dotnet\sdk\6.0.203\Extensions'.
TpTrace Information: 0 : 4472, 1, 2022/05/19, 23:06:39.409, 3647052150706, vstest.console.dll, AssemblyResolver.OnResolve: Microsoft.Bcl.AsyncInterfaces: Assembly path does not exist: 'C:\Program Files\dotnet\sdk\6.0.203\Extensions\Microsoft.Bcl.AsyncInterfaces.dll', returning.
TpTrace Information: 0 : 4472, 1, 2022/05/19, 23:06:39.409, 3647052151128, vstest.console.dll, AssemblyResolver.OnResolve: Microsoft.Bcl.AsyncInterfaces: Assembly path does not exist: 'C:\Program Files\dotnet\sdk\6.0.203\Extensions\Microsoft.Bcl.AsyncInterfaces.exe', returning.
TpTrace Information: 0 : 4472, 1, 2022/05/19, 23:06:39.409, 3647052151372, vstest.console.dll, AssemblyResolver.OnResolve: Microsoft.Bcl.AsyncInterfaces: Searching in: 'C:\Program Files\dotnet\sdk\6.0.203'.
TpTrace Information: 0 : 4472, 1, 2022/05/19, 23:06:39.409, 3647052151826, vstest.console.dll, AssemblyResolver.OnResolve: Microsoft.Bcl.AsyncInterfaces: Assembly path does not exist: 'C:\Program Files\dotnet\sdk\6.0.203\Microsoft.Bcl.AsyncInterfaces.dll', returning.
TpTrace Information: 0 : 4472, 1, 2022/05/19, 23:06:39.409, 3647052152236, vstest.console.dll, AssemblyResolver.OnResolve: Microsoft.Bcl.AsyncInterfaces: Assembly path does not exist: 'C:\Program Files\dotnet\sdk\6.0.203\Microsoft.Bcl.AsyncInterfaces.exe', returning.
TpTrace Information: 0 : 4472, 1, 2022/05/19, 23:06:39.409, 3647052152477, vstest.console.dll, AssemblyResolver.OnResolve: Microsoft.Bcl.AsyncInterfaces: Failed to load assembly.
TpTrace Verbose: 0 : 4472, 1, 2022/05/19, 23:06:39.409, 3647052152787, vstest.console.dll, CurrentDomainAssemblyResolve: Resolving assembly 'Microsoft.Bcl.AsyncInterfaces'.
TpTrace Information: 0 : 4472, 1, 2022/05/19, 23:06:39.409, 3647052153216, vstest.console.dll, AssemblyResolver.OnResolve: Microsoft.Bcl.AsyncInterfaces: Resolving assembly.
TpTrace Information: 0 : 4472, 1, 2022/05/19, 23:06:39.409, 3647052153578, vstest.console.dll, AssemblyResolver.OnResolve: Microsoft.Bcl.AsyncInterfaces: Resolved from cache.
TpTrace Verbose: 0 : 4472, 1, 2022/05/19, 23:06:39.409, 3647052153827, vstest.console.dll, CurrentDomainAssemblyResolve: Resolving assembly 'Microsoft.Bcl.AsyncInterfaces'.
TpTrace Verbose: 0 : 4472, 1, 2022/05/19, 23:06:39.409, 3647052154145, vstest.console.dll, CurrentDomainAssemblyResolve: Failed to resolve assembly 'Microsoft.Bcl.AsyncInterfaces'.
TpTrace Verbose: 0 : 4472, 1, 2022/05/19, 23:06:39.409, 3647052157578, vstest.console.dll, CurrentDomainAssemblyResolve: Failed to resolve assembly 'Microsoft.Bcl.AsyncInterfaces'.
TpTrace Warning: 0 : 4472, 1, 2022/05/19, 23:06:39.422, 3647052282315, vstest.console.dll, TestPluginDiscoverer: Failed to get types from assembly 'Microsoft.Diagnostics.NETCore.Client, Version=0.2.5.801, Culture=neutral, PublicKeyToken=31bf3856ad364e35'.  Skipping test extension scan for this assembly.  Error: System.Reflection.ReflectionTypeLoadException: Unable to load one or more of the requested types.
Could not load file or assembly 'Microsoft.Bcl.AsyncInterfaces, Version=1.0.0.0, Culture=neutral, PublicKeyToken=cc7b13ffcd2ddd51'. El sistema no puede encontrar el archivo especificado.
   at System.Reflection.RuntimeModule.GetTypes(RuntimeModule module)
   at System.Reflection.Assembly.GetTypes()
   at Microsoft.VisualStudio.TestPlatform.Common.ExtensionFramework.TestPluginDiscoverer.GetTestExtensionsFromAssembly[TPluginInfo,TExtension](Assembly assembly, Dictionary`2 pluginInfos)
System.IO.FileNotFoundException: Could not load file or assembly 'Microsoft.Bcl.AsyncInterfaces, Version=1.0.0.0, Culture=neutral, PublicKeyToken=cc7b13ffcd2ddd51'. El sistema no puede encontrar el archivo especificado.
File name: 'Microsoft.Bcl.AsyncInterfaces, Version=1.0.0.0, Culture=neutral, PublicKeyToken=cc7b13ffcd2ddd51'
 ---> System.IO.FileNotFoundException: Could not load file or assembly 'Microsoft.Bcl.AsyncInterfaces, Culture=neutral, PublicKeyToken=null'. El sistema no puede encontrar el archivo especificado.
File name: 'Microsoft.Bcl.AsyncInterfaces, Culture=neutral, PublicKeyToken=null'
   at System.Reflection.RuntimeAssembly.InternalLoad(ObjectHandleOnStack assemblyName, ObjectHandleOnStack requestingAssembly, StackCrawlMarkHandle stackMark, Boolean throwOnFileNotFound, ObjectHandleOnStack assemblyLoadContext, ObjectHandleOnStack retAssembly)
   at System.Reflection.RuntimeAssembly.InternalLoad(AssemblyName assemblyName, RuntimeAssembly requestingAssembly, StackCrawlMark& stackMark, Boolean throwOnFileNotFound, AssemblyLoadContext assemblyLoadContext)
   at System.Reflection.Assembly.Load(AssemblyName assemblyRef)
   at Microsoft.VisualStudio.TestPlatform.Common.ExtensionFramework.TestPluginCache.CurrentDomainAssemblyResolve(Object sender, AssemblyResolveEventArgs args)
   at Microsoft.VisualStudio.TestPlatform.PlatformAbstractions.PlatformAssemblyResolver.AssemblyResolverEvent(Object sender, Object eventArgs)
   at System.Runtime.Loader.AssemblyLoadContext.GetFirstResolvedAssemblyFromResolvingEvent(AssemblyName assemblyName)
   at System.Runtime.Loader.AssemblyLoadContext.ResolveUsingEvent(AssemblyName assemblyName)
   at System.Runtime.Loader.AssemblyLoadContext.ResolveUsingResolvingEvent(IntPtr gchManagedAssemblyLoadContext, AssemblyName assemblyName)
TpTrace Warning: 0 : 4472, 1, 2022/05/19, 23:06:39.422, 3647052283927, vstest.console.dll, LoaderExceptions: System.IO.FileNotFoundException: Could not load file or assembly 'Microsoft.Bcl.AsyncInterfaces, Version=1.0.0.0, Culture=neutral, PublicKeyToken=cc7b13ffcd2ddd51'. El sistema no puede encontrar el archivo especificado.
File name: 'Microsoft.Bcl.AsyncInterfaces, Version=1.0.0.0, Culture=neutral, PublicKeyToken=cc7b13ffcd2ddd51'
 ---> System.IO.FileNotFoundException: Could not load file or assembly 'Microsoft.Bcl.AsyncInterfaces, Culture=neutral, PublicKeyToken=null'. El sistema no puede encontrar el archivo especificado.
File name: 'Microsoft.Bcl.AsyncInterfaces, Culture=neutral, PublicKeyToken=null'
   at System.Reflection.RuntimeAssembly.InternalLoad(ObjectHandleOnStack assemblyName, ObjectHandleOnStack requestingAssembly, StackCrawlMarkHandle stackMark, Boolean throwOnFileNotFound, ObjectHandleOnStack assemblyLoadContext, ObjectHandleOnStack retAssembly)
   at System.Reflection.RuntimeAssembly.InternalLoad(AssemblyName assemblyName, RuntimeAssembly requestingAssembly, StackCrawlMark& stackMark, Boolean throwOnFileNotFound, AssemblyLoadContext assemblyLoadContext)
   at System.Reflection.Assembly.Load(AssemblyName assemblyRef)
   at Microsoft.VisualStudio.TestPlatform.Common.ExtensionFramework.TestPluginCache.CurrentDomainAssemblyResolve(Object sender, AssemblyResolveEventArgs args)
   at Microsoft.VisualStudio.TestPlatform.PlatformAbstractions.PlatformAssemblyResolver.AssemblyResolverEvent(Object sender, Object eventArgs)
   at System.Runtime.Loader.AssemblyLoadContext.GetFirstResolvedAssemblyFromResolvingEvent(AssemblyName assemblyName)
   at System.Runtime.Loader.AssemblyLoadContext.ResolveUsingEvent(AssemblyName assemblyName)
   at System.Runtime.Loader.AssemblyLoadContext.ResolveUsingResolvingEvent(IntPtr gchManagedAssemblyLoadContext, AssemblyName assemblyName)
TpTrace Information: 0 : 4472, 1, 2022/05/19, 23:06:39.422, 3647052285088, vstest.console.dll, AssemblyResolver.OnResolve: Microsoft.TestPlatform.Extensions.BlameDataCollector: Resolving assembly.
TpTrace Information: 0 : 4472, 1, 2022/05/19, 23:06:39.422, 3647052285458, vstest.console.dll, AssemblyResolver.OnResolve: Microsoft.TestPlatform.Extensions.BlameDataCollector: Searching in: 'C:\Program Files\dotnet\sdk\6.0.203\Extensions'.
TpTrace Information: 0 : 4472, 1, 2022/05/19, 23:06:39.422, 3647052289065, vstest.console.dll, AssemblyResolver.OnResolve: Microsoft.TestPlatform.Extensions.BlameDataCollector: Loading assembly 'C:\Program Files\dotnet\sdk\6.0.203\Extensions\Microsoft.TestPlatform.Extensions.BlameDataCollector.dll'.
TpTrace Information: 0 : 4472, 1, 2022/05/19, 23:06:39.423, 3647052293447, vstest.console.dll, AssemblyResolver.OnResolve: Resolved assembly: Microsoft.TestPlatform.Extensions.BlameDataCollector, from path: C:\Program Files\dotnet\sdk\6.0.203\Extensions\Microsoft.TestPlatform.Extensions.BlameDataCollector.dll
TpTrace Information: 0 : 4472, 1, 2022/05/19, 23:06:39.423, 3647052297883, vstest.console.dll, AssemblyResolver.OnResolve: Microsoft.TestPlatform.Extensions.EventLogCollector: Resolving assembly.
TpTrace Information: 0 : 4472, 1, 2022/05/19, 23:06:39.423, 3647052298348, vstest.console.dll, AssemblyResolver.OnResolve: Microsoft.TestPlatform.Extensions.EventLogCollector: Searching in: 'C:\Program Files\dotnet\sdk\6.0.203\Extensions'.
TpTrace Information: 0 : 4472, 1, 2022/05/19, 23:06:39.424, 3647052301450, vstest.console.dll, AssemblyResolver.OnResolve: Microsoft.TestPlatform.Extensions.EventLogCollector: Loading assembly 'C:\Program Files\dotnet\sdk\6.0.203\Extensions\Microsoft.TestPlatform.Extensions.EventLogCollector.dll'.
TpTrace Information: 0 : 4472, 1, 2022/05/19, 23:06:39.424, 3647052305441, vstest.console.dll, AssemblyResolver.OnResolve: Resolved assembly: Microsoft.TestPlatform.Extensions.EventLogCollector, from path: C:\Program Files\dotnet\sdk\6.0.203\Extensions\Microsoft.TestPlatform.Extensions.EventLogCollector.dll
TpTrace Information: 0 : 4472, 1, 2022/05/19, 23:06:39.425, 3647052314804, vstest.console.dll, AssemblyResolver.OnResolve: Microsoft.TestPlatform.TestHostRuntimeProvider: Resolving assembly.
TpTrace Information: 0 : 4472, 1, 2022/05/19, 23:06:39.425, 3647052315280, vstest.console.dll, AssemblyResolver.OnResolve: Microsoft.TestPlatform.TestHostRuntimeProvider: Searching in: 'C:\Program Files\dotnet\sdk\6.0.203\Extensions'.
TpTrace Information: 0 : 4472, 1, 2022/05/19, 23:06:39.425, 3647052318423, vstest.console.dll, AssemblyResolver.OnResolve: Microsoft.TestPlatform.TestHostRuntimeProvider: Loading assembly 'C:\Program Files\dotnet\sdk\6.0.203\Extensions\Microsoft.TestPlatform.TestHostRuntimeProvider.dll'.
TpTrace Information: 0 : 4472, 1, 2022/05/19, 23:06:39.426, 3647052322533, vstest.console.dll, AssemblyResolver.OnResolve: Resolved assembly: Microsoft.TestPlatform.TestHostRuntimeProvider, from path: C:\Program Files\dotnet\sdk\6.0.203\Extensions\Microsoft.TestPlatform.TestHostRuntimeProvider.dll
TpTrace Information: 0 : 4472, 1, 2022/05/19, 23:06:39.427, 3647052331652, vstest.console.dll, AssemblyResolver.OnResolve: Microsoft.VisualStudio.TestPlatform.Extensions.Html.TestLogger: Resolving assembly.
TpTrace Information: 0 : 4472, 1, 2022/05/19, 23:06:39.427, 3647052332123, vstest.console.dll, AssemblyResolver.OnResolve: Microsoft.VisualStudio.TestPlatform.Extensions.Html.TestLogger: Searching in: 'C:\Program Files\dotnet\sdk\6.0.203\Extensions'.
TpTrace Information: 0 : 4472, 1, 2022/05/19, 23:06:39.427, 3647052335688, vstest.console.dll, AssemblyResolver.OnResolve: Microsoft.VisualStudio.TestPlatform.Extensions.Html.TestLogger: Loading assembly 'C:\Program Files\dotnet\sdk\6.0.203\Extensions\Microsoft.VisualStudio.TestPlatform.Extensions.Html.TestLogger.dll'.
TpTrace Information: 0 : 4472, 1, 2022/05/19, 23:06:39.428, 3647052339915, vstest.console.dll, AssemblyResolver.OnResolve: Resolved assembly: Microsoft.VisualStudio.TestPlatform.Extensions.Html.TestLogger, from path: C:\Program Files\dotnet\sdk\6.0.203\Extensions\Microsoft.VisualStudio.TestPlatform.Extensions.Html.TestLogger.dll
TpTrace Information: 0 : 4472, 1, 2022/05/19, 23:06:39.428, 3647052342294, vstest.console.dll, AssemblyResolver.OnResolve: Microsoft.VisualStudio.TestPlatform.Extensions.Trx.TestLogger: Resolving assembly.
TpTrace Information: 0 : 4472, 1, 2022/05/19, 23:06:39.428, 3647052342687, vstest.console.dll, AssemblyResolver.OnResolve: Microsoft.VisualStudio.TestPlatform.Extensions.Trx.TestLogger: Searching in: 'C:\Program Files\dotnet\sdk\6.0.203\Extensions'.
TpTrace Information: 0 : 4472, 1, 2022/05/19, 23:06:39.428, 3647052345892, vstest.console.dll, AssemblyResolver.OnResolve: Microsoft.VisualStudio.TestPlatform.Extensions.Trx.TestLogger: Loading assembly 'C:\Program Files\dotnet\sdk\6.0.203\Extensions\Microsoft.VisualStudio.TestPlatform.Extensions.Trx.TestLogger.dll'.
TpTrace Information: 0 : 4472, 1, 2022/05/19, 23:06:39.429, 3647052350245, vstest.console.dll, AssemblyResolver.OnResolve: Resolved assembly: Microsoft.VisualStudio.TestPlatform.Extensions.Trx.TestLogger, from path: C:\Program Files\dotnet\sdk\6.0.203\Extensions\Microsoft.VisualStudio.TestPlatform.Extensions.Trx.TestLogger.dll
TpTrace Verbose: 0 : 4472, 1, 2022/05/19, 23:06:39.429, 3647052354251, vstest.console.dll, TestPluginCache: Discovered the extensions using extension path ''.
TpTrace Verbose: 0 : 4472, 1, 2022/05/19, 23:06:39.429, 3647052354669, vstest.console.dll, TestPluginCache: Discoverers are ''.
TpTrace Verbose: 0 : 4472, 1, 2022/05/19, 23:06:39.429, 3647052354898, vstest.console.dll, TestPluginCache: Executors are ''.
TpTrace Verbose: 0 : 4472, 1, 2022/05/19, 23:06:39.429, 3647052355101, vstest.console.dll, TestPluginCache: Executors2 are ''.
TpTrace Verbose: 0 : 4472, 1, 2022/05/19, 23:06:39.429, 3647052355341, vstest.console.dll, TestPluginCache: Setting providers are ''.
TpTrace Verbose: 0 : 4472, 1, 2022/05/19, 23:06:39.429, 3647052355548, vstest.console.dll, TestPluginCache: Loggers are ''.
TpTrace Information: 0 : 4472, 1, 2022/05/19, 23:06:39.433, 3647052390701, vstest.console.dll, RunTestsArgumentProcessor:Execute: Test run is starting.
TpTrace Verbose: 0 : 4472, 1, 2022/05/19, 23:06:39.433, 3647052391251, vstest.console.dll, RunTestsArgumentProcessor:Execute: Queuing Test run.
TpTrace Information: 0 : 4472, 1, 2022/05/19, 23:06:39.433, 3647052392680, vstest.console.dll, TestRequestManager.RunTests: run tests started.
TpTrace Information: 0 : 4472, 1, 2022/05/19, 23:06:39.436, 3647052421156, vstest.console.dll, AssemblyMetadataProvider.GetFrameWork: Determined framework:'.NETCoreApp,Version=v3.1' for source: 'D:\CalidadPracticaIV\TenistasAPI\TenistasUnitTest\bin\Debug\netcoreapp3.1\fine-code-coverage\build-output\TenistasUnitTest.dll'
TpTrace Information: 0 : 4472, 1, 2022/05/19, 23:06:39.436, 3647052422390, vstest.console.dll, Determined framework for all sources: .NETCoreApp,Version=v3.1
TpTrace Verbose: 0 : 4472, 1, 2022/05/19, 23:06:39.436, 3647052424439, vstest.console.dll, Default architecture: X64 IsDefaultTargetArchitecture: True
TpTrace Information: 0 : 4472, 1, 2022/05/19, 23:06:39.436, 3647052426443, vstest.console.dll, AssemblyMetadataProvider.GetArchitecture: Determined architecture:AnyCPU info for assembly: D:\CalidadPracticaIV\TenistasAPI\TenistasUnitTest\bin\Debug\netcoreapp3.1\fine-code-coverage\build-output\TenistasUnitTest.dll
TpTrace Information: 0 : 4472, 1, 2022/05/19, 23:06:39.436, 3647052426829, vstest.console.dll, Determined platform for source 'D:\CalidadPracticaIV\TenistasAPI\TenistasUnitTest\bin\Debug\netcoreapp3.1\fine-code-coverage\build-output\TenistasUnitTest.dll' is 'AnyCPU'
TpTrace Information: 0 : 4472, 1, 2022/05/19, 23:06:39.438, 3647052443641, vstest.console.dll, Determined platform for all sources: X64
TpTrace Information: 0 : 4472, 1, 2022/05/19, 23:06:39.438, 3647052444462, vstest.console.dll, Infered platform 'X64'.
TpTrace Information: 0 : 4472, 1, 2022/05/19, 23:06:39.438, 3647052444768, vstest.console.dll, Platform update to 'X64' required.
TpTrace Information: 0 : 4472, 1, 2022/05/19, 23:06:39.440, 3647052468460, vstest.console.dll, Compatible sources list : 
TpTrace Information: 0 : 4472, 1, 2022/05/19, 23:06:39.440, 3647052469157, vstest.console.dll, D:\CalidadPracticaIV\TenistasAPI\TenistasUnitTest\bin\Debug\netcoreapp3.1\fine-code-coverage\build-output\TenistasUnitTest.dll
TpTrace Information: 0 : 4472, 1, 2022/05/19, 23:06:39.442, 3647052488229, vstest.console.dll, InferRunSettingsHelper.IsTestSettingsEnabled: Unable to navigate to RunSettings/MSTest. Current node: RunSettings
TpTrace Information: 0 : 4472, 1, 2022/05/19, 23:06:39.443, 3647052493512, vstest.console.dll, AssemblyResolver.OnResolve: Microsoft.VisualStudio.TestPlatform.Fakes: Resolving assembly.
TpTrace Information: 0 : 4472, 1, 2022/05/19, 23:06:39.443, 3647052494093, vstest.console.dll, AssemblyResolver.OnResolve: Microsoft.VisualStudio.TestPlatform.Fakes: Searching in: 'C:\Program Files\dotnet\sdk\6.0.203\Extensions'.
TpTrace Information: 0 : 4472, 1, 2022/05/19, 23:06:39.443, 3647052494786, vstest.console.dll, AssemblyResolver.OnResolve: Microsoft.VisualStudio.TestPlatform.Fakes: Assembly path does not exist: 'C:\Program Files\dotnet\sdk\6.0.203\Extensions\Microsoft.VisualStudio.TestPlatform.Fakes.dll', returning.
TpTrace Information: 0 : 4472, 1, 2022/05/19, 23:06:39.443, 3647052495284, vstest.console.dll, AssemblyResolver.OnResolve: Microsoft.VisualStudio.TestPlatform.Fakes: Assembly path does not exist: 'C:\Program Files\dotnet\sdk\6.0.203\Extensions\Microsoft.VisualStudio.TestPlatform.Fakes.exe', returning.
TpTrace Information: 0 : 4472, 1, 2022/05/19, 23:06:39.443, 3647052495535, vstest.console.dll, AssemblyResolver.OnResolve: Microsoft.VisualStudio.TestPlatform.Fakes: Searching in: 'C:\Program Files\dotnet\sdk\6.0.203'.
TpTrace Information: 0 : 4472, 1, 2022/05/19, 23:06:39.443, 3647052495964, vstest.console.dll, AssemblyResolver.OnResolve: Microsoft.VisualStudio.TestPlatform.Fakes: Assembly path does not exist: 'C:\Program Files\dotnet\sdk\6.0.203\Microsoft.VisualStudio.TestPlatform.Fakes.dll', returning.
TpTrace Information: 0 : 4472, 1, 2022/05/19, 23:06:39.443, 3647052496424, vstest.console.dll, AssemblyResolver.OnResolve: Microsoft.VisualStudio.TestPlatform.Fakes: Assembly path does not exist: 'C:\Program Files\dotnet\sdk\6.0.203\Microsoft.VisualStudio.TestPlatform.Fakes.exe', returning.
TpTrace Information: 0 : 4472, 1, 2022/05/19, 23:06:39.443, 3647052496688, vstest.console.dll, AssemblyResolver.OnResolve: Microsoft.VisualStudio.TestPlatform.Fakes: Failed to load assembly.
TpTrace Information: 0 : 4472, 1, 2022/05/19, 23:06:39.443, 3647052498613, vstest.console.dll, Failed to load assembly Microsoft.VisualStudio.TestPlatform.Fakes, Version=17.0.0.0, Culture=neutral. Reason:System.IO.FileNotFoundException: Could not load file or assembly 'Microsoft.VisualStudio.TestPlatform.Fakes, Version=17.0.0.0, Culture=neutral, PublicKeyToken=null'. El sistema no puede encontrar el archivo especificado.
File name: 'Microsoft.VisualStudio.TestPlatform.Fakes, Version=17.0.0.0, Culture=neutral, PublicKeyToken=null'
   at System.Reflection.RuntimeAssembly.InternalLoad(ObjectHandleOnStack assemblyName, ObjectHandleOnStack requestingAssembly, StackCrawlMarkHandle stackMark, Boolean throwOnFileNotFound, ObjectHandleOnStack assemblyLoadContext, ObjectHandleOnStack retAssembly)
   at System.Reflection.RuntimeAssembly.InternalLoad(AssemblyName assemblyName, RuntimeAssembly requestingAssembly, StackCrawlMark& stackMark, Boolean throwOnFileNotFound, AssemblyLoadContext assemblyLoadContext)
   at System.Reflection.Assembly.Load(AssemblyName assemblyRef)
   at Microsoft.VisualStudio.TestPlatform.Common.Utilities.FakesUtilities.LoadTestPlatformAssembly()
TpTrace Verbose: 0 : 4472, 1, 2022/05/19, 23:06:39.446, 3647052526972, vstest.console.dll, TestPluginCache.DiscoverTestExtensions: finding test extensions in assemblies ends with: TestLogger.dll TPluginInfo: Microsoft.VisualStudio.TestPlatform.Common.ExtensionFramework.Utilities.TestLoggerPluginInformation TExtension: Microsoft.VisualStudio.TestPlatform.ObjectModel.Client.ITestLogger
TpTrace Verbose: 0 : 4472, 1, 2022/05/19, 23:06:39.446, 3647052527819, vstest.console.dll, TestPluginCache.GetExtensionPaths: Filtered extension paths: 
TpTrace Verbose: 0 : 4472, 1, 2022/05/19, 23:06:39.446, 3647052528152, vstest.console.dll, TestPluginCache.GetExtensionPaths: Added default extension paths: C:\Program Files\dotnet\sdk\6.0.203\Extensions\DumpMinitool.exe
C:\Program Files\dotnet\sdk\6.0.203\Extensions\DumpMinitool.x86.exe
C:\Program Files\dotnet\sdk\6.0.203\Extensions\Microsoft.Diagnostics.NETCore.Client.dll
C:\Program Files\dotnet\sdk\6.0.203\Extensions\Microsoft.TestPlatform.Extensions.BlameDataCollector.dll
C:\Program Files\dotnet\sdk\6.0.203\Extensions\Microsoft.TestPlatform.Extensions.EventLogCollector.dll
C:\Program Files\dotnet\sdk\6.0.203\Extensions\Microsoft.TestPlatform.TestHostRuntimeProvider.dll
C:\Program Files\dotnet\sdk\6.0.203\Extensions\Microsoft.VisualStudio.TestPlatform.Extensions.Html.TestLogger.dll
C:\Program Files\dotnet\sdk\6.0.203\Extensions\Microsoft.VisualStudio.TestPlatform.Extensions.Trx.TestLogger.dll
TpTrace Verbose: 0 : 4472, 1, 2022/05/19, 23:06:39.446, 3647052528448, vstest.console.dll, TestPluginCache.GetExtensionPaths: Added unfilterableExtensionPaths: 
TpTrace Information: 0 : 4472, 1, 2022/05/19, 23:06:39.447, 3647052529566, vstest.console.dll, AssemblyResolver.AddSearchDirectories: Adding more searchDirectories C:\Program Files\dotnet\sdk\6.0.203\Extensions,C:\Program Files\dotnet\sdk\6.0.203
TpTrace Verbose: 0 : 4472, 1, 2022/05/19, 23:06:39.447, 3647052530036, vstest.console.dll, TestPluginCache.DiscoverTestExtensions: Discovering the extensions using extension path.
TpTrace Verbose: 0 : 4472, 1, 2022/05/19, 23:06:39.447, 3647052530436, vstest.console.dll, TestPluginCache.GetExtensionPaths: Filtered extension paths: 
TpTrace Verbose: 0 : 4472, 1, 2022/05/19, 23:06:39.447, 3647052530692, vstest.console.dll, TestPluginCache.GetExtensionPaths: Added default extension paths: C:\Program Files\dotnet\sdk\6.0.203\Extensions\DumpMinitool.exe
C:\Program Files\dotnet\sdk\6.0.203\Extensions\DumpMinitool.x86.exe
C:\Program Files\dotnet\sdk\6.0.203\Extensions\Microsoft.Diagnostics.NETCore.Client.dll
C:\Program Files\dotnet\sdk\6.0.203\Extensions\Microsoft.TestPlatform.Extensions.BlameDataCollector.dll
C:\Program Files\dotnet\sdk\6.0.203\Extensions\Microsoft.TestPlatform.Extensions.EventLogCollector.dll
C:\Program Files\dotnet\sdk\6.0.203\Extensions\Microsoft.TestPlatform.TestHostRuntimeProvider.dll
C:\Program Files\dotnet\sdk\6.0.203\Extensions\Microsoft.VisualStudio.TestPlatform.Extensions.Html.TestLogger.dll
C:\Program Files\dotnet\sdk\6.0.203\Extensions\Microsoft.VisualStudio.TestPlatform.Extensions.Trx.TestLogger.dll
TpTrace Verbose: 0 : 4472, 1, 2022/05/19, 23:06:39.447, 3647052530972, vstest.console.dll, TestPluginCache.GetExtensionPaths: Added unfilterableExtensionPaths: 
TpTrace Verbose: 0 : 4472, 1, 2022/05/19, 23:06:39.447, 3647052531208, vstest.console.dll, TestPluginCache.DiscoverTestExtensions: Discovering the extensions using allExtensionPaths: C:\Program Files\dotnet\sdk\6.0.203\Extensions\DumpMinitool.exe
C:\Program Files\dotnet\sdk\6.0.203\Extensions\DumpMinitool.x86.exe
C:\Program Files\dotnet\sdk\6.0.203\Extensions\Microsoft.Diagnostics.NETCore.Client.dll
C:\Program Files\dotnet\sdk\6.0.203\Extensions\Microsoft.TestPlatform.Extensions.BlameDataCollector.dll
C:\Program Files\dotnet\sdk\6.0.203\Extensions\Microsoft.TestPlatform.Extensions.EventLogCollector.dll
C:\Program Files\dotnet\sdk\6.0.203\Extensions\Microsoft.TestPlatform.TestHostRuntimeProvider.dll
C:\Program Files\dotnet\sdk\6.0.203\Extensions\Microsoft.VisualStudio.TestPlatform.Extensions.Html.TestLogger.dll
C:\Program Files\dotnet\sdk\6.0.203\Extensions\Microsoft.VisualStudio.TestPlatform.Extensions.Trx.TestLogger.dll
TpTrace Information: 0 : 4472, 1, 2022/05/19, 23:06:39.447, 3647052531948, vstest.console.dll, AssemblyResolver.AddSearchDirectories: Adding more searchDirectories C:\Program Files\dotnet\sdk\6.0.203\Extensions,C:\Program Files\dotnet\sdk\6.0.203
TpTrace Information: 0 : 4472, 1, 2022/05/19, 23:06:39.447, 3647052532286, vstest.console.dll, AssemblyResolver.AddSearchDirectories: Adding more searchDirectories C:\Program Files\dotnet\sdk\6.0.203\Extensions,C:\Program Files\dotnet\sdk\6.0.203
TpTrace Information: 0 : 4472, 1, 2022/05/19, 23:06:39.447, 3647052532529, vstest.console.dll, AssemblyResolver.AddSearchDirectories: Adding more searchDirectories C:\Program Files\dotnet\sdk\6.0.203\Extensions,C:\Program Files\dotnet\sdk\6.0.203
TpTrace Information: 0 : 4472, 1, 2022/05/19, 23:06:39.447, 3647052532893, vstest.console.dll, AssemblyResolver.AddSearchDirectories: Adding more searchDirectories C:\Program Files\dotnet\sdk\6.0.203\Extensions,C:\Program Files\dotnet\sdk\6.0.203
TpTrace Information: 0 : 4472, 1, 2022/05/19, 23:06:39.447, 3647052533134, vstest.console.dll, AssemblyResolver.AddSearchDirectories: Adding more searchDirectories C:\Program Files\dotnet\sdk\6.0.203\Extensions,C:\Program Files\dotnet\sdk\6.0.203
TpTrace Information: 0 : 4472, 1, 2022/05/19, 23:06:39.447, 3647052533371, vstest.console.dll, AssemblyResolver.AddSearchDirectories: Adding more searchDirectories C:\Program Files\dotnet\sdk\6.0.203\Extensions,C:\Program Files\dotnet\sdk\6.0.203
TpTrace Information: 0 : 4472, 1, 2022/05/19, 23:06:39.447, 3647052533646, vstest.console.dll, AssemblyResolver.AddSearchDirectories: Adding more searchDirectories C:\Program Files\dotnet\sdk\6.0.203\Extensions,C:\Program Files\dotnet\sdk\6.0.203
TpTrace Information: 0 : 4472, 1, 2022/05/19, 23:06:39.447, 3647052533884, vstest.console.dll, AssemblyResolver.AddSearchDirectories: Adding more searchDirectories C:\Program Files\dotnet\sdk\6.0.203\Extensions,C:\Program Files\dotnet\sdk\6.0.203
TpTrace Information: 0 : 4472, 1, 2022/05/19, 23:06:39.447, 3647052536342, vstest.console.dll, AssemblyResolver.OnResolve: Microsoft.Bcl.AsyncInterfaces: Resolving assembly.
TpTrace Information: 0 : 4472, 1, 2022/05/19, 23:06:39.447, 3647052536731, vstest.console.dll, AssemblyResolver.OnResolve: Microsoft.Bcl.AsyncInterfaces: Resolved from cache.
TpTrace Verbose: 0 : 4472, 1, 2022/05/19, 23:06:39.447, 3647052537005, vstest.console.dll, CurrentDomainAssemblyResolve: Resolving assembly 'Microsoft.Bcl.AsyncInterfaces'.
TpTrace Information: 0 : 4472, 1, 2022/05/19, 23:06:39.447, 3647052537363, vstest.console.dll, AssemblyResolver.OnResolve: Microsoft.Bcl.AsyncInterfaces: Resolving assembly.
TpTrace Information: 0 : 4472, 1, 2022/05/19, 23:06:39.447, 3647052537606, vstest.console.dll, AssemblyResolver.OnResolve: Microsoft.Bcl.AsyncInterfaces: Resolved from cache.
TpTrace Verbose: 0 : 4472, 1, 2022/05/19, 23:06:39.447, 3647052537843, vstest.console.dll, CurrentDomainAssemblyResolve: Resolving assembly 'Microsoft.Bcl.AsyncInterfaces'.
TpTrace Verbose: 0 : 4472, 1, 2022/05/19, 23:06:39.447, 3647052538060, vstest.console.dll, CurrentDomainAssemblyResolve: Failed to resolve assembly 'Microsoft.Bcl.AsyncInterfaces'.
TpTrace Verbose: 0 : 4472, 1, 2022/05/19, 23:06:39.447, 3647052539311, vstest.console.dll, CurrentDomainAssemblyResolve: Failed to resolve assembly 'Microsoft.Bcl.AsyncInterfaces'.
TpTrace Warning: 0 : 4472, 1, 2022/05/19, 23:06:39.448, 3647052542491, vstest.console.dll, TestPluginDiscoverer: Failed to get types from assembly 'Microsoft.Diagnostics.NETCore.Client, Version=0.2.5.801, Culture=neutral, PublicKeyToken=31bf3856ad364e35'.  Skipping test extension scan for this assembly.  Error: System.Reflection.ReflectionTypeLoadException: Unable to load one or more of the requested types.
Could not load file or assembly 'Microsoft.Bcl.AsyncInterfaces, Version=1.0.0.0, Culture=neutral, PublicKeyToken=cc7b13ffcd2ddd51'. El sistema no puede encontrar el archivo especificado.
   at System.Reflection.RuntimeModule.GetTypes(RuntimeModule module)
   at System.Reflection.Assembly.GetTypes()
   at Microsoft.VisualStudio.TestPlatform.Common.ExtensionFramework.TestPluginDiscoverer.GetTestExtensionsFromAssembly[TPluginInfo,TExtension](Assembly assembly, Dictionary`2 pluginInfos)
System.IO.FileNotFoundException: Could not load file or assembly 'Microsoft.Bcl.AsyncInterfaces, Version=1.0.0.0, Culture=neutral, PublicKeyToken=cc7b13ffcd2ddd51'. El sistema no puede encontrar el archivo especificado.
File name: 'Microsoft.Bcl.AsyncInterfaces, Version=1.0.0.0, Culture=neutral, PublicKeyToken=cc7b13ffcd2ddd51'
 ---> System.IO.FileNotFoundException: Could not load file or assembly 'Microsoft.Bcl.AsyncInterfaces, Culture=neutral, PublicKeyToken=null'. El sistema no puede encontrar el archivo especificado.
File name: 'Microsoft.Bcl.AsyncInterfaces, Culture=neutral, PublicKeyToken=null'
   at System.Reflection.RuntimeAssembly.InternalLoad(ObjectHandleOnStack assemblyName, ObjectHandleOnStack requestingAssembly, StackCrawlMarkHandle stackMark, Boolean throwOnFileNotFound, ObjectHandleOnStack assemblyLoadContext, ObjectHandleOnStack retAssembly)
   at System.Reflection.RuntimeAssembly.InternalLoad(AssemblyName assemblyName, RuntimeAssembly requestingAssembly, StackCrawlMark& stackMark, Boolean throwOnFileNotFound, AssemblyLoadContext assemblyLoadContext)
   at System.Reflection.Assembly.Load(AssemblyName assemblyRef)
   at Microsoft.VisualStudio.TestPlatform.Common.ExtensionFramework.TestPluginCache.CurrentDomainAssemblyResolve(Object sender, AssemblyResolveEventArgs args)
   at Microsoft.VisualStudio.TestPlatform.PlatformAbstractions.PlatformAssemblyResolver.AssemblyResolverEvent(Object sender, Object eventArgs)
   at System.Runtime.Loader.AssemblyLoadContext.GetFirstResolvedAssemblyFromResolvingEvent(AssemblyName assemblyName)
   at System.Runtime.Loader.AssemblyLoadContext.ResolveUsingEvent(AssemblyName assemblyName)
   at System.Runtime.Loader.AssemblyLoadContext.ResolveUsingResolvingEvent(IntPtr gchManagedAssemblyLoadContext, AssemblyName assemblyName)
TpTrace Warning: 0 : 4472, 1, 2022/05/19, 23:06:39.448, 3647052543763, vstest.console.dll, LoaderExceptions: System.IO.FileNotFoundException: Could not load file or assembly 'Microsoft.Bcl.AsyncInterfaces, Version=1.0.0.0, Culture=neutral, PublicKeyToken=cc7b13ffcd2ddd51'. El sistema no puede encontrar el archivo especificado.
File name: 'Microsoft.Bcl.AsyncInterfaces, Version=1.0.0.0, Culture=neutral, PublicKeyToken=cc7b13ffcd2ddd51'
 ---> System.IO.FileNotFoundException: Could not load file or assembly 'Microsoft.Bcl.AsyncInterfaces, Culture=neutral, PublicKeyToken=null'. El sistema no puede encontrar el archivo especificado.
File name: 'Microsoft.Bcl.AsyncInterfaces, Culture=neutral, PublicKeyToken=null'
   at System.Reflection.RuntimeAssembly.InternalLoad(ObjectHandleOnStack assemblyName, ObjectHandleOnStack requestingAssembly, StackCrawlMarkHandle stackMark, Boolean throwOnFileNotFound, ObjectHandleOnStack assemblyLoadContext, ObjectHandleOnStack retAssembly)
   at System.Reflection.RuntimeAssembly.InternalLoad(AssemblyName assemblyName, RuntimeAssembly requestingAssembly, StackCrawlMark& stackMark, Boolean throwOnFileNotFound, AssemblyLoadContext assemblyLoadContext)
   at System.Reflection.Assembly.Load(AssemblyName assemblyRef)
   at Microsoft.VisualStudio.TestPlatform.Common.ExtensionFramework.TestPluginCache.CurrentDomainAssemblyResolve(Object sender, AssemblyResolveEventArgs args)
   at Microsoft.VisualStudio.TestPlatform.PlatformAbstractions.PlatformAssemblyResolver.AssemblyResolverEvent(Object sender, Object eventArgs)
   at System.Runtime.Loader.AssemblyLoadContext.GetFirstResolvedAssemblyFromResolvingEvent(AssemblyName assemblyName)
   at System.Runtime.Loader.AssemblyLoadContext.ResolveUsingEvent(AssemblyName assemblyName)
   at System.Runtime.Loader.AssemblyLoadContext.ResolveUsingResolvingEvent(IntPtr gchManagedAssemblyLoadContext, AssemblyName assemblyName)
TpTrace Verbose: 0 : 4472, 1, 2022/05/19, 23:06:39.448, 3647052546705, vstest.console.dll, TestPluginCache: Discovered the extensions using extension path ''.
TpTrace Verbose: 0 : 4472, 1, 2022/05/19, 23:06:39.448, 3647052547068, vstest.console.dll, TestPluginCache: Discoverers are ''.
TpTrace Verbose: 0 : 4472, 1, 2022/05/19, 23:06:39.448, 3647052547297, vstest.console.dll, TestPluginCache: Executors are ''.
TpTrace Verbose: 0 : 4472, 1, 2022/05/19, 23:06:39.448, 3647052547507, vstest.console.dll, TestPluginCache: Executors2 are ''.
TpTrace Verbose: 0 : 4472, 1, 2022/05/19, 23:06:39.448, 3647052547707, vstest.console.dll, TestPluginCache: Setting providers are ''.
TpTrace Verbose: 0 : 4472, 1, 2022/05/19, 23:06:39.448, 3647052548229, vstest.console.dll, TestPluginCache: Loggers are 'logger://Microsoft/TestPlatform/Extensions/Blame/v1,logger://Microsoft/TestPlatform/HtmlLogger/v1,logger://Microsoft/TestPlatform/TrxLogger/v1'.
TpTrace Information: 0 : 4472, 1, 2022/05/19, 23:06:39.449, 3647052553628, vstest.console.dll, TestPluginManager.CreateTestExtension: Attempting to load test extension: Microsoft.TestPlatform.Extensions.BlameDataCollector.BlameLogger
TpTrace Information: 0 : 4472, 1, 2022/05/19, 23:06:39.454, 3647052601953, vstest.console.dll, TestPluginManager.CreateTestExtension: Attempting to load test extension: Microsoft.VisualStudio.TestPlatform.CrossPlatEngine.Hosting.DefaultTestHostManager
TpTrace Information: 0 : 4472, 1, 2022/05/19, 23:06:39.455, 3647052614522, vstest.console.dll, TestPluginManager.CreateTestExtension: Attempting to load test extension: Microsoft.VisualStudio.TestPlatform.CrossPlatEngine.Hosting.DotnetTestHostManager
TpTrace Verbose: 0 : 4472, 1, 2022/05/19, 23:06:39.455, 3647052619231, vstest.console.dll, TestEngine: Initializing Parallel Execution as MaxCpuCount is set to: 1
TpTrace Information: 0 : 4472, 1, 2022/05/19, 23:06:39.456, 3647052624025, vstest.console.dll, InferRunSettingsHelper.IsTestSettingsEnabled: Unable to navigate to RunSettings/MSTest. Current node: RunSettings
TpTrace Verbose: 0 : 4472, 1, 2022/05/19, 23:06:39.467, 3647052731661, vstest.console.dll, TestRequestSender is acting as server
TpTrace Verbose: 0 : 4472, 5, 2022/05/19, 23:06:39.470, 3647052763441, vstest.console.dll, DataCollectionRequestSender.InitializeCommunication : Initialize communication. 
TpTrace Information: 0 : 4472, 5, 2022/05/19, 23:06:39.474, 3647052808343, vstest.console.dll, Listening on Endpoint : 127.0.0.1:59450
TpTrace Verbose: 0 : 4472, 5, 2022/05/19, 23:06:39.484, 3647052908932, vstest.console.dll, DotnetDataCollectionLauncher: Full path of dotnet.exe is C:\Program Files\dotnet\dotnet.exe
TpTrace Verbose: 0 : 4472, 5, 2022/05/19, 23:06:39.485, 3647052910310, vstest.console.dll, DotnetDataCollectionLauncher: Adding  --runtimeconfig "C:\Program Files\dotnet\sdk\6.0.203\datacollector.runtimeconfig.json" in args
TpTrace Verbose: 0 : 4472, 5, 2022/05/19, 23:06:39.485, 3647052910913, vstest.console.dll, DotnetDataCollectionLauncher: Adding  --depsfile "C:\Program Files\dotnet\sdk\6.0.203\datacollector.deps.json" in args
TpTrace Information: 0 : 4472, 5, 2022/05/19, 23:06:39.492, 3647052981083, vstest.console.dll, ProxyDataCollectionManager.Initialize: Launched datacollector processId: 11244 port: 59450
TpTrace Information: 0 : 4472, 5, 2022/05/19, 23:06:39.492, 3647052982170, vstest.console.dll, ProxyDataCollectionManager.Initialize: waiting for connection with timeout: 90 seconds
TpTrace Verbose: 0 : 4472, 5, 2022/05/19, 23:06:39.492, 3647052982613, vstest.console.dll, DataCollectionRequestSender.WaitForRequestHandlerConnection : Waiting for connection with timeout: 90000
TpTrace Information: 0 : 4472, 8, 2022/05/19, 23:06:39.607, 3647054139499, vstest.console.dll, Using the buffer size of 16384 bytes
TpTrace Verbose: 0 : 4472, 5, 2022/05/19, 23:06:39.608, 3647054139950, vstest.console.dll, ProxyDataCollectionManager.InvokeDataCollectionServiceAction: Starting.
TpTrace Information: 0 : 4472, 8, 2022/05/19, 23:06:39.608, 3647054140836, vstest.console.dll, Accepted Client request and set the flag
TpTrace Information: 0 : 4472, 5, 2022/05/19, 23:06:39.608, 3647054140880, vstest.console.dll, ProxyDataCollectionManager.BeforeTestRunStart: Get environment variable and port for datacollector processId: 11244 port: 59450
TpTrace Verbose: 0 : 4472, 5, 2022/05/19, 23:06:39.608, 3647054142323, vstest.console.dll, DataCollectionRequestSender.SendBeforeTestRunStartAndGetResult : Send BeforeTestRunStart message with settingsXml <RunSettings><RunConfiguration><ResultsDirectory>D:\CalidadPracticaIV\TenistasAPI\TenistasUnitTest\bin\Debug\netcoreapp3.1\fine-code-coverage\coverage-tool-output</ResultsDirectory><TargetPlatform>X64</TargetPlatform><TargetFrameworkVersion>.NETCoreApp,Version=v3.1</TargetFrameworkVersion><DesignMode>False</DesignMode><CollectSourceInformation>False</CollectSourceInformation><TestAdaptersPaths>C:\Program Files\dotnet\sdk\6.0.203\Extensions</TestAdaptersPaths></RunConfiguration><LoggerRunSettings><Loggers><Logger friendlyName="blame" enabled="True" /><Logger friendlyName="Console" uri="logger://microsoft/TestPlatform/ConsoleLogger/v1" assemblyQualifiedName="Microsoft.VisualStudio.TestPlatform.CommandLine.Internal.ConsoleLogger, vstest.console, Version=15.0.0.0, Culture=neutral, PublicKeyToken=b03f5f7f11d50a3a" codeBase="C:\Program Files\dotnet\sdk\6.0.203\vstest.console.dll" enabled="True" /></Loggers></LoggerRunSettings><DataCollectionRunSettings><DataCollectors><DataCollector friendlyName="blame" enabled="True"><Configuration><ResultsDirectory>D:\CalidadPracticaIV\TenistasAPI\TenistasUnitTest\bin\Debug\netcoreapp3.1\fine-code-coverage\coverage-tool-output</ResultsDirectory></Configuration></DataCollector></DataCollectors></DataCollectionRunSettings></RunSettings> and sources System.Linq.Enumerable+Concat2Iterator`1[System.String]: 
TpTrace Verbose: 0 : 4472, 5, 2022/05/19, 23:06:39.666, 3647054723989, vstest.console.dll, DataCollectionRequestSender.SendBeforeTestRunStartAndGetResult : Received message: (DataCollection.SendMessage) -> {
  "FriendlyName": null,
  "Uri": null,
  "TestCaseId": "00000000-0000-0000-0000-000000000000",
  "Message": "Logging DataCollector Diagnostics in file: D:\\CalidadPracticaIV\\TenistasAPI\\TenistasUnitTest\\bin\\Debug\\netcoreapp3.1\\fine-code-coverage\\coverage-tool-output\\diagnostics.datacollector.22-05-19_23-06-39_48100_5.log",
  "Level": 0
}
TpTrace Information: 0 : 4472, 5, 2022/05/19, 23:06:39.671, 3647054776493, vstest.console.dll, AssemblyResolver.OnResolve: Microsoft.VisualStudio.TestPlatform.Common.resources: Resolving assembly.
TpTrace Information: 0 : 4472, 5, 2022/05/19, 23:06:39.671, 3647054777286, vstest.console.dll, AssemblyResolver.OnResolve: Microsoft.VisualStudio.TestPlatform.Common.resources: Searching in: 'C:\Program Files\dotnet\sdk\6.0.203\Extensions'.
TpTrace Information: 0 : 4472, 5, 2022/05/19, 23:06:39.671, 3647054777815, vstest.console.dll, AssemblyResolver.OnResolve: Microsoft.VisualStudio.TestPlatform.Common.resources: Assembly path does not exist: 'C:\Program Files\dotnet\sdk\6.0.203\Extensions\Microsoft.VisualStudio.TestPlatform.Common.resources.dll', returning.
TpTrace Information: 0 : 4472, 5, 2022/05/19, 23:06:39.671, 3647054778258, vstest.console.dll, AssemblyResolver.OnResolve: Microsoft.VisualStudio.TestPlatform.Common.resources: Assembly path does not exist: 'C:\Program Files\dotnet\sdk\6.0.203\Extensions\Microsoft.VisualStudio.TestPlatform.Common.resources.exe', returning.
TpTrace Information: 0 : 4472, 5, 2022/05/19, 23:06:39.671, 3647054778508, vstest.console.dll, AssemblyResolver.OnResolve: Microsoft.VisualStudio.TestPlatform.Common.resources: Searching in: 'C:\Program Files\dotnet\sdk\6.0.203'.
TpTrace Information: 0 : 4472, 5, 2022/05/19, 23:06:39.671, 3647054779034, vstest.console.dll, AssemblyResolver.OnResolve: Microsoft.VisualStudio.TestPlatform.Common.resources: Assembly path does not exist: 'C:\Program Files\dotnet\sdk\6.0.203\Microsoft.VisualStudio.TestPlatform.Common.resources.dll', returning.
TpTrace Information: 0 : 4472, 5, 2022/05/19, 23:06:39.671, 3647054779489, vstest.console.dll, AssemblyResolver.OnResolve: Microsoft.VisualStudio.TestPlatform.Common.resources: Assembly path does not exist: 'C:\Program Files\dotnet\sdk\6.0.203\Microsoft.VisualStudio.TestPlatform.Common.resources.exe', returning.
TpTrace Information: 0 : 4472, 5, 2022/05/19, 23:06:39.672, 3647054779739, vstest.console.dll, AssemblyResolver.OnResolve: Microsoft.VisualStudio.TestPlatform.Common.resources: Failed to load assembly.
TpTrace Verbose: 0 : 4472, 5, 2022/05/19, 23:06:39.722, 3647055288081, vstest.console.dll, DataCollectionRequestSender.SendBeforeTestRunStartAndGetResult : Received message: (DataCollection.BeforeTestRunStartResult) -> {
  "EnvironmentVariables": {},
  "DataCollectionEventsPort": 59455
}
TpTrace Information: 0 : 4472, 5, 2022/05/19, 23:06:39.727, 3647055333122, vstest.console.dll, ProxyDataCollectionManager.BeforeTestRunStart: SendBeforeTestRunStartAndGetResult successful, env variable from datacollector:   and testhost port: 59455
TpTrace Information: 0 : 4472, 5, 2022/05/19, 23:06:39.727, 3647055334191, vstest.console.dll, ProxyDataCollectionManager.InvokeDataCollectionServiceAction: Completed.
TpTrace Verbose: 0 : 4472, 1, 2022/05/19, 23:06:39.727, 3647055335232, vstest.console.dll, TestRunRequest.ExecuteAsync: Creating test run request.
TpTrace Verbose: 0 : 4472, 1, 2022/05/19, 23:06:39.727, 3647055337470, vstest.console.dll, TestRunRequest.ExecuteAsync: Starting.
TpTrace Information: 0 : 4472, 1, 2022/05/19, 23:06:39.728, 3647055340115, vstest.console.dll, TestRunRequest.ExecuteAsync: Starting run with settings:TestRunCriteria:
   KeepAlive=False,FrequencyOfRunStatsChangeEvent=10,RunStatsChangeEventTimeout=00:00:01.5000000,TestCaseFilter=,TestExecutorLauncher=
   Settingsxml=<RunSettings>
  <RunConfiguration>
    <ResultsDirectory>D:\CalidadPracticaIV\TenistasAPI\TenistasUnitTest\bin\Debug\netcoreapp3.1\fine-code-coverage\coverage-tool-output</ResultsDirectory>
    <TargetPlatform>X64</TargetPlatform>
    <TargetFrameworkVersion>.NETCoreApp,Version=v3.1</TargetFrameworkVersion>
    <DesignMode>False</DesignMode>
    <CollectSourceInformation>False</CollectSourceInformation>
  </RunConfiguration>
  <LoggerRunSettings>
    <Loggers>
      <Logger friendlyName="blame" enabled="True" />
      <Logger friendlyName="Console" uri="logger://microsoft/TestPlatform/ConsoleLogger/v1" assemblyQualifiedName="Microsoft.VisualStudio.TestPlatform.CommandLine.Internal.ConsoleLogger, vstest.console, Version=15.0.0.0, Culture=neutral, PublicKeyToken=b03f5f7f11d50a3a" codeBase="C:\Program Files\dotnet\sdk\6.0.203\vstest.console.dll" enabled="True" />
    </Loggers>
  </LoggerRunSettings>
  <DataCollectionRunSettings>
    <DataCollectors>
      <DataCollector friendlyName="blame" enabled="True">
        <Configuration>
          <ResultsDirectory>D:\CalidadPracticaIV\TenistasAPI\TenistasUnitTest\bin\Debug\netcoreapp3.1\fine-code-coverage\coverage-tool-output</ResultsDirectory>
        </Configuration>
      </DataCollector>
    </DataCollectors>
  </DataCollectionRunSettings>
</RunSettings>

TpTrace Verbose: 0 : 4472, 1, 2022/05/19, 23:06:39.728, 3647055340560, vstest.console.dll, TestRunRequest.ExecuteAsync: Wait for the first run request is over.
TpTrace Verbose: 0 : 4472, 1, 2022/05/19, 23:06:39.728, 3647055343802, vstest.console.dll, ParallelProxyExecutionManager: Start execution. Total sources: 1
TpTrace Information: 0 : 4472, 1, 2022/05/19, 23:06:39.728, 3647055349383, vstest.console.dll, ProxyParallelExecutionManager: Triggering test run for next source: D:\CalidadPracticaIV\TenistasAPI\TenistasUnitTest\bin\Debug\netcoreapp3.1\fine-code-coverage\build-output\TenistasUnitTest.dll
TpTrace Verbose: 0 : 4472, 5, 2022/05/19, 23:06:39.729, 3647055351526, vstest.console.dll, ParallelProxyExecutionManager: Execution started. Started clients: 1
TpTrace Verbose: 0 : 4472, 1, 2022/05/19, 23:06:39.729, 3647055351974, vstest.console.dll, ProxyParallelExecutionManager: No sources available for execution.
TpTrace Information: 0 : 4472, 1, 2022/05/19, 23:06:39.729, 3647055352376, vstest.console.dll, TestRunRequest.ExecuteAsync: Started.
TpTrace Verbose: 0 : 4472, 1, 2022/05/19, 23:06:39.729, 3647055352926, vstest.console.dll, TestRunRequest.WaitForCompletion: Waiting with timeout -1.
TpTrace Verbose: 0 : 4472, 5, 2022/05/19, 23:06:39.729, 3647055354367, vstest.console.dll, TestRunRequest:SendTestRunMessage: Starting.
TpTrace Information: 0 : 4472, 5, 2022/05/19, 23:06:39.729, 3647055355256, vstest.console.dll, TestRunRequest:SendTestRunMessage: Completed.
TpTrace Verbose: 0 : 4472, 5, 2022/05/19, 23:06:39.729, 3647055357010, vstest.console.dll, ProxyExecutionManager: Test host is always Lazy initialize.
TpTrace Verbose: 0 : 4472, 5, 2022/05/19, 23:06:39.729, 3647055358568, vstest.console.dll, TestRequestSender.InitializeCommunication: initialize communication. 
TpTrace Information: 0 : 4472, 5, 2022/05/19, 23:06:39.730, 3647055362763, vstest.console.dll, SocketServer.Start: Listening on endpoint : 127.0.0.1:59456
TpTrace Verbose: 0 : 4472, 5, 2022/05/19, 23:06:39.730, 3647055367777, vstest.console.dll, DotnetTestHostmanager.GetTestHostProcessStartInfo: Platform environment 'X64' target architecture 'X64' framework '.NETCoreApp,Version=v3.1' OS 'Windows'
TpTrace Verbose: 0 : 4472, 5, 2022/05/19, 23:06:39.730, 3647055368917, vstest.console.dll, DotnetTestHostmanager: Adding  --runtimeconfig "D:\CalidadPracticaIV\TenistasAPI\TenistasUnitTest\bin\Debug\netcoreapp3.1\fine-code-coverage\build-output\TenistasUnitTest.runtimeconfig.json" in args
TpTrace Verbose: 0 : 4472, 5, 2022/05/19, 23:06:39.730, 3647055369342, vstest.console.dll, DotnetTestHostmanager: Adding  --depsfile "D:\CalidadPracticaIV\TenistasAPI\TenistasUnitTest\bin\Debug\netcoreapp3.1\fine-code-coverage\build-output\TenistasUnitTest.deps.json" in args
TpTrace Verbose: 0 : 4472, 5, 2022/05/19, 23:06:39.732, 3647055384970, vstest.console.dll, DotnetTestHostmanager.IsWinOnArm: Current PROCESSOR_ARCHITECTURE from registry 'AMD64'
TpTrace Verbose: 0 : 4472, 5, 2022/05/19, 23:06:39.732, 3647055385832, vstest.console.dll, DotnetTestHostmanager.IsWinOnArm: Is Windows on ARM 'False'
TpTrace Information: 0 : 4472, 5, 2022/05/19, 23:06:39.732, 3647055386776, vstest.console.dll, AssemblyResolver.OnResolve: Microsoft.Extensions.DependencyModel: Resolving assembly.
TpTrace Information: 0 : 4472, 5, 2022/05/19, 23:06:39.732, 3647055387172, vstest.console.dll, AssemblyResolver.OnResolve: Microsoft.Extensions.DependencyModel: Searching in: 'C:\Program Files\dotnet\sdk\6.0.203\Extensions'.
TpTrace Information: 0 : 4472, 5, 2022/05/19, 23:06:39.732, 3647055387733, vstest.console.dll, AssemblyResolver.OnResolve: Microsoft.Extensions.DependencyModel: Assembly path does not exist: 'C:\Program Files\dotnet\sdk\6.0.203\Extensions\Microsoft.Extensions.DependencyModel.dll', returning.
TpTrace Information: 0 : 4472, 5, 2022/05/19, 23:06:39.732, 3647055388153, vstest.console.dll, AssemblyResolver.OnResolve: Microsoft.Extensions.DependencyModel: Assembly path does not exist: 'C:\Program Files\dotnet\sdk\6.0.203\Extensions\Microsoft.Extensions.DependencyModel.exe', returning.
TpTrace Information: 0 : 4472, 5, 2022/05/19, 23:06:39.732, 3647055388401, vstest.console.dll, AssemblyResolver.OnResolve: Microsoft.Extensions.DependencyModel: Searching in: 'C:\Program Files\dotnet\sdk\6.0.203'.
TpTrace Information: 0 : 4472, 5, 2022/05/19, 23:06:39.733, 3647055392660, vstest.console.dll, AssemblyResolver.OnResolve: Microsoft.Extensions.DependencyModel: Loading assembly 'C:\Program Files\dotnet\sdk\6.0.203\Microsoft.Extensions.DependencyModel.dll'.
TpTrace Information: 0 : 4472, 5, 2022/05/19, 23:06:39.733, 3647055397570, vstest.console.dll, AssemblyResolver.OnResolve: Resolved assembly: Microsoft.Extensions.DependencyModel, from path: C:\Program Files\dotnet\sdk\6.0.203\Microsoft.Extensions.DependencyModel.dll
TpTrace Verbose: 0 : 4472, 5, 2022/05/19, 23:06:39.733, 3647055399340, vstest.console.dll, DotnetTestHostmanager: Reading file D:\CalidadPracticaIV\TenistasAPI\TenistasUnitTest\bin\Debug\netcoreapp3.1\fine-code-coverage\build-output\TenistasUnitTest.deps.json to get path of testhost.dll
TpTrace Verbose: 0 : 4472, 5, 2022/05/19, 23:06:39.751, 3647055574762, vstest.console.dll, DotnetTestHostmanager: Relative path of testhost.dll with respect to package folder is microsoft.testplatform.testhost/16.5.0\lib/netcoreapp2.1/testhost.dll
TpTrace Verbose: 0 : 4472, 5, 2022/05/19, 23:06:39.752, 3647055580743, vstest.console.dll, DotnetTestHostmanager: Looking for path microsoft.testplatform.testhost/16.5.0\lib/netcoreapp2.1/testhost.dll in folder C:\Users\Juan Luis\.dotnet\store\|arch|\|tfm|
TpTrace Verbose: 0 : 4472, 5, 2022/05/19, 23:06:39.752, 3647055581639, vstest.console.dll, DotnetTestHostmanager: Looking for path microsoft.testplatform.testhost/16.5.0\lib/netcoreapp2.1/testhost.dll in folder C:\Users\Juan Luis\.nuget\packages
TpTrace Verbose: 0 : 4472, 5, 2022/05/19, 23:06:39.752, 3647055582273, vstest.console.dll, DotnetTestHostmanager: Found testhost.dll in C:\Users\Juan Luis\.nuget\packages\microsoft.testplatform.testhost/16.5.0\lib/netcoreapp2.1/testhost.dll
TpTrace Verbose: 0 : 4472, 5, 2022/05/19, 23:06:39.752, 3647055583412, vstest.console.dll, DotnetTestHostManager: Testhost.exe/testhost.x86.exe found at path: C:\Users\Juan Luis\.nuget\packages\microsoft.testplatform.testhost\16.5.0\build\netcoreapp2.1\x64\testhost.exe
TpTrace Verbose: 0 : 4472, 5, 2022/05/19, 23:06:39.752, 3647055583797, vstest.console.dll, DotnetTestHostmanager: Full path of host exe is C:\Users\Juan Luis\.nuget\packages\microsoft.testplatform.testhost\16.5.0\build\netcoreapp2.1\x64\testhost.exe
TpTrace Verbose: 0 : 4472, 5, 2022/05/19, 23:06:39.752, 3647055584820, vstest.console.dll, DotnetTestHostmanager.LaunchTestHostAsync: Found 'VSTEST_WINAPPHOST_DOTNET_ROOT' in env variables, value 'C:\Program Files\dotnet'
TpTrace Verbose: 0 : 4472, 7, 2022/05/19, 23:06:39.753, 3647055591932, vstest.console.dll, DotnetTestHostManager: Starting process 'C:\Users\Juan Luis\.nuget\packages\microsoft.testplatform.testhost\16.5.0\build\netcoreapp2.1\x64\testhost.exe' with command line ' --runtimeconfig "D:\CalidadPracticaIV\TenistasAPI\TenistasUnitTest\bin\Debug\netcoreapp3.1\fine-code-coverage\build-output\TenistasUnitTest.runtimeconfig.json" --depsfile "D:\CalidadPracticaIV\TenistasAPI\TenistasUnitTest\bin\Debug\netcoreapp3.1\fine-code-coverage\build-output\TenistasUnitTest.deps.json" --port 59456 --endpoint 127.0.0.1:059456 --role client --parentprocessid 4472 --diag "D:\CalidadPracticaIV\TenistasAPI\TenistasUnitTest\bin\Debug\netcoreapp3.1\fine-code-coverage\coverage-tool-output\diagnostics.host.22-05-19_23-06-39_73058_5.log" --tracelevel 4 --datacollectionport 59455 --telemetryoptedin false'
TpTrace Verbose: 0 : 4472, 7, 2022/05/19, 23:06:39.760, 3647055660465, vstest.console.dll, Test Runtime launched
TpTrace Verbose: 0 : 4472, 5, 2022/05/19, 23:06:39.760, 3647055665802, vstest.console.dll, TestRequestSender.WaitForRequestHandlerConnection: waiting for connection with timeout: 90000
TpTrace Verbose: 0 : 4472, 7, 2022/05/19, 23:06:39.894, 3647057003293, vstest.console.dll, SocketServer.OnClientConnected: Client connected for endPoint: 127.0.0.1:59456, starting MessageLoopAsync:
TpTrace Verbose: 0 : 4472, 7, 2022/05/19, 23:06:39.894, 3647057004978, vstest.console.dll, TcpClientExtensions.MessageLoopAsync: Polling on remoteEndPoint: 127.0.0.1:59457 localEndPoint: 127.0.0.1:59456
TpTrace Verbose: 0 : 4472, 5, 2022/05/19, 23:06:39.895, 3647057009697, vstest.console.dll, TestRequestSender.CheckVersionWithTestHost: Sending check version message: {"MessageType":"ProtocolVersion","Payload":5}
TpTrace Verbose: 0 : 4472, 7, 2022/05/19, 23:06:40.029, 3647058350358, vstest.console.dll, TcpClientExtensions.MessageLoopAsync: NotifyDataAvailable remoteEndPoint: 127.0.0.1:59457 localEndPoint: 127.0.0.1:59456
TpTrace Verbose: 0 : 4472, 7, 2022/05/19, 23:06:40.029, 3647058352406, vstest.console.dll, TestRequestSender.CheckVersionWithTestHost: onMessageReceived received message: (ProtocolVersion) -> 2
TpTrace Verbose: 0 : 4472, 7, 2022/05/19, 23:06:40.029, 3647058356276, vstest.console.dll, TcpClientExtensions.MessageLoopAsync: Polling on remoteEndPoint: 127.0.0.1:59457 localEndPoint: 127.0.0.1:59456
TpTrace Verbose: 0 : 4472, 5, 2022/05/19, 23:06:40.029, 3647058357044, vstest.console.dll, TestPluginCache.GetExtensionPaths: Filtered extension paths: 
TpTrace Verbose: 0 : 4472, 5, 2022/05/19, 23:06:40.029, 3647058357522, vstest.console.dll, TestPluginCache.GetExtensionPaths: Added default extension paths: C:\Program Files\dotnet\sdk\6.0.203\Extensions\DumpMinitool.exe
C:\Program Files\dotnet\sdk\6.0.203\Extensions\DumpMinitool.x86.exe
C:\Program Files\dotnet\sdk\6.0.203\Extensions\Microsoft.Diagnostics.NETCore.Client.dll
C:\Program Files\dotnet\sdk\6.0.203\Extensions\Microsoft.TestPlatform.Extensions.BlameDataCollector.dll
C:\Program Files\dotnet\sdk\6.0.203\Extensions\Microsoft.TestPlatform.Extensions.EventLogCollector.dll
C:\Program Files\dotnet\sdk\6.0.203\Extensions\Microsoft.TestPlatform.TestHostRuntimeProvider.dll
C:\Program Files\dotnet\sdk\6.0.203\Extensions\Microsoft.VisualStudio.TestPlatform.Extensions.Html.TestLogger.dll
C:\Program Files\dotnet\sdk\6.0.203\Extensions\Microsoft.VisualStudio.TestPlatform.Extensions.Trx.TestLogger.dll
TpTrace Verbose: 0 : 4472, 5, 2022/05/19, 23:06:40.029, 3647058357839, vstest.console.dll, TestPluginCache.GetExtensionPaths: Added unfilterableExtensionPaths: 
TpTrace Verbose: 0 : 4472, 5, 2022/05/19, 23:06:40.032, 3647058383411, vstest.console.dll, TestRequestSender.InitializeExecution: Sending initialize execution with message: {"Version":2,"MessageType":"TestExecution.Initialize","Payload":["D:\\CalidadPracticaIV\\TenistasAPI\\TenistasUnitTest\\bin\\Debug\\netcoreapp3.1\\fine-code-coverage\\build-output\\xunit.runner.visualstudio.dotnetcore.testadapter.dll"]}
TpTrace Warning: 0 : 4472, 5, 2022/05/19, 23:06:40.032, 3647058386426, vstest.console.dll, InferRunSettingsHelper.MakeRunsettingsCompatible: Removing the following settings: TargetPlatform from RunSettings file. To use those settings please move to latest version of Microsoft.NET.Test.Sdk
TpTrace Verbose: 0 : 4472, 5, 2022/05/19, 23:06:40.039, 3647058449985, vstest.console.dll, TestRequestSender.StartTestRun: Sending test run with message: {"Version":2,"MessageType":"TestExecution.StartWithSources","Payload":{"AdapterSourceMap":{"_none_":["D:\\CalidadPracticaIV\\TenistasAPI\\TenistasUnitTest\\bin\\Debug\\netcoreapp3.1\\fine-code-coverage\\build-output\\TenistasUnitTest.dll"]},"RunSettings":"<RunSettings>\r\n  <RunConfiguration>\r\n    <ResultsDirectory>D:\\CalidadPracticaIV\\TenistasAPI\\TenistasUnitTest\\bin\\Debug\\netcoreapp3.1\\fine-code-coverage\\coverage-tool-output</ResultsDirectory>\r\n    <TargetFrameworkVersion>.NETCoreApp,Version=v3.1</TargetFrameworkVersion>\r\n    <DesignMode>False</DesignMode>\r\n    <CollectSourceInformation>False</CollectSourceInformation>\r\n  </RunConfiguration>\r\n  <LoggerRunSettings>\r\n    <Loggers>\r\n      <Logger friendlyName=\"blame\" enabled=\"True\" />\r\n      <Logger friendlyName=\"Console\" uri=\"logger://microsoft/TestPlatform/ConsoleLogger/v1\" assemblyQualifiedName=\"Microsoft.VisualStudio.TestPlatform.CommandLine.Internal.ConsoleLogger, vstest.console, Version=15.0.0.0, Culture=neutral, PublicKeyToken=b03f5f7f11d50a3a\" codeBase=\"C:\\Program Files\\dotnet\\sdk\\6.0.203\\vstest.console.dll\" enabled=\"True\" />\r\n    </Loggers>\r\n  </LoggerRunSettings>\r\n  <DataCollectionRunSettings>\r\n    <DataCollectors>\r\n      <DataCollector friendlyName=\"blame\" enabled=\"True\">\r\n        <Configuration>\r\n          <ResultsDirectory>D:\\CalidadPracticaIV\\TenistasAPI\\TenistasUnitTest\\bin\\Debug\\netcoreapp3.1\\fine-code-coverage\\coverage-tool-output</ResultsDirectory>\r\n        </Configuration>\r\n      </DataCollector>\r\n    </DataCollectors>\r\n  </DataCollectionRunSettings>\r\n</RunSettings>","TestExecutionContext":{"FrequencyOfRunStatsChangeEvent":10,"RunStatsChangeEventTimeout":"00:00:01.5000000","InIsolation":false,"KeepAlive":false,"AreTestCaseLevelEventsRequired":false,"IsDebug":false,"TestCaseFilter":null,"FilterOptions":null},"Package":null}}
TpTrace Verbose: 0 : 4472, 7, 2022/05/19, 23:06:40.041, 3647058472319, vstest.console.dll, TcpClientExtensions.MessageLoopAsync: NotifyDataAvailable remoteEndPoint: 127.0.0.1:59457 localEndPoint: 127.0.0.1:59456
TpTrace Verbose: 0 : 4472, 7, 2022/05/19, 23:06:40.041, 3647058473895, vstest.console.dll, TestRequestSender.OnExecutionMessageReceived: Received message: {"Version":2,"MessageType":"TestSession.Message","Payload":{"MessageLevel":0,"Message":"Registrando diagnstico de TestHost en el archivo: D:\\CalidadPracticaIV\\TenistasAPI\\TenistasUnitTest\\bin\\Debug\\netcoreapp3.1\\fine-code-coverage\\coverage-tool-output\\diagnostics.host.22-05-19_23-06-39_73058_5.log"}}
TpTrace Verbose: 0 : 4472, 7, 2022/05/19, 23:06:40.043, 3647058490753, vstest.console.dll, TestRunRequest:SendTestRunMessage: Starting.
TpTrace Information: 0 : 4472, 7, 2022/05/19, 23:06:40.043, 3647058491566, vstest.console.dll, TestRunRequest:SendTestRunMessage: Completed.
TpTrace Verbose: 0 : 4472, 7, 2022/05/19, 23:06:40.043, 3647058491876, vstest.console.dll, TcpClientExtensions.MessageLoopAsync: Polling on remoteEndPoint: 127.0.0.1:59457 localEndPoint: 127.0.0.1:59456
TpTrace Verbose: 0 : 4472, 7, 2022/05/19, 23:06:40.169, 3647059752003, vstest.console.dll, TcpClientExtensions.MessageLoopAsync: NotifyDataAvailable remoteEndPoint: 127.0.0.1:59457 localEndPoint: 127.0.0.1:59456
TpTrace Verbose: 0 : 4472, 7, 2022/05/19, 23:06:40.169, 3647059753039, vstest.console.dll, TestRequestSender.OnExecutionMessageReceived: Received message: {"Version":2,"MessageType":"TestSession.Message","Payload":{"MessageLevel":0,"Message":"[xUnit.net 00:00:00.00] xUnit.net VSTest Adapter v2.4.0 (64-bit .NET Core 3.1.25)"}}
TpTrace Verbose: 0 : 4472, 7, 2022/05/19, 23:06:40.169, 3647059754590, vstest.console.dll, TestRunRequest:SendTestRunMessage: Starting.
TpTrace Information: 0 : 4472, 7, 2022/05/19, 23:06:40.169, 3647059755036, vstest.console.dll, TestRunRequest:SendTestRunMessage: Completed.
TpTrace Verbose: 0 : 4472, 7, 2022/05/19, 23:06:40.169, 3647059755317, vstest.console.dll, TcpClientExtensions.MessageLoopAsync: Polling on remoteEndPoint: 127.0.0.1:59457 localEndPoint: 127.0.0.1:59456
TpTrace Verbose: 0 : 4472, 7, 2022/05/19, 23:06:40.643, 3647064490163, vstest.console.dll, TcpClientExtensions.MessageLoopAsync: NotifyDataAvailable remoteEndPoint: 127.0.0.1:59457 localEndPoint: 127.0.0.1:59456
TpTrace Verbose: 0 : 4472, 7, 2022/05/19, 23:06:40.643, 3647064491317, vstest.console.dll, TestRequestSender.OnExecutionMessageReceived: Received message: {"Version":2,"MessageType":"TestSession.Message","Payload":{"MessageLevel":0,"Message":"[xUnit.net 00:00:00.47]   Discovering: TenistasUnitTest"}}
TpTrace Verbose: 0 : 4472, 7, 2022/05/19, 23:06:40.643, 3647064492942, vstest.console.dll, TestRunRequest:SendTestRunMessage: Starting.
TpTrace Information: 0 : 4472, 7, 2022/05/19, 23:06:40.643, 3647064493400, vstest.console.dll, TestRunRequest:SendTestRunMessage: Completed.
TpTrace Verbose: 0 : 4472, 7, 2022/05/19, 23:06:40.643, 3647064493690, vstest.console.dll, TcpClientExtensions.MessageLoopAsync: Polling on remoteEndPoint: 127.0.0.1:59457 localEndPoint: 127.0.0.1:59456
TpTrace Verbose: 0 : 4472, 7, 2022/05/19, 23:06:40.677, 3647064833739, vstest.console.dll, TcpClientExtensions.MessageLoopAsync: NotifyDataAvailable remoteEndPoint: 127.0.0.1:59457 localEndPoint: 127.0.0.1:59456
TpTrace Verbose: 0 : 4472, 7, 2022/05/19, 23:06:40.677, 3647064834871, vstest.console.dll, TestRequestSender.OnExecutionMessageReceived: Received message: {"Version":2,"MessageType":"TestSession.Message","Payload":{"MessageLevel":0,"Message":"[xUnit.net 00:00:00.51]   Discovered:  TenistasUnitTest"}}
TpTrace Verbose: 0 : 4472, 7, 2022/05/19, 23:06:40.677, 3647064837013, vstest.console.dll, TestRunRequest:SendTestRunMessage: Starting.
TpTrace Information: 0 : 4472, 7, 2022/05/19, 23:06:40.677, 3647064837599, vstest.console.dll, TestRunRequest:SendTestRunMessage: Completed.
TpTrace Verbose: 0 : 4472, 7, 2022/05/19, 23:06:40.677, 3647064837899, vstest.console.dll, TcpClientExtensions.MessageLoopAsync: Polling on remoteEndPoint: 127.0.0.1:59457 localEndPoint: 127.0.0.1:59456
TpTrace Verbose: 0 : 4472, 7, 2022/05/19, 23:06:40.679, 3647064859218, vstest.console.dll, TcpClientExtensions.MessageLoopAsync: NotifyDataAvailable remoteEndPoint: 127.0.0.1:59457 localEndPoint: 127.0.0.1:59456
TpTrace Verbose: 0 : 4472, 7, 2022/05/19, 23:06:40.680, 3647064859904, vstest.console.dll, TestRequestSender.OnExecutionMessageReceived: Received message: {"Version":2,"MessageType":"TestSession.Message","Payload":{"MessageLevel":0,"Message":"[xUnit.net 00:00:00.51]   Starting:    TenistasUnitTest"}}
TpTrace Verbose: 0 : 4472, 7, 2022/05/19, 23:06:40.680, 3647064861188, vstest.console.dll, TestRunRequest:SendTestRunMessage: Starting.
TpTrace Information: 0 : 4472, 7, 2022/05/19, 23:06:40.680, 3647064861634, vstest.console.dll, TestRunRequest:SendTestRunMessage: Completed.
TpTrace Verbose: 0 : 4472, 7, 2022/05/19, 23:06:40.680, 3647064861923, vstest.console.dll, TcpClientExtensions.MessageLoopAsync: Polling on remoteEndPoint: 127.0.0.1:59457 localEndPoint: 127.0.0.1:59456
TpTrace Verbose: 0 : 4472, 7, 2022/05/19, 23:06:40.839, 3647066459524, vstest.console.dll, TcpClientExtensions.MessageLoopAsync: NotifyDataAvailable remoteEndPoint: 127.0.0.1:59457 localEndPoint: 127.0.0.1:59456
TpTrace Verbose: 0 : 4472, 7, 2022/05/19, 23:06:40.840, 3647066460734, vstest.console.dll, TestRequestSender.OnExecutionMessageReceived: Received message: {"Version":2,"MessageType":"TestSession.Message","Payload":{"MessageLevel":0,"Message":"[xUnit.net 00:00:00.67]   Finished:    TenistasUnitTest"}}
TpTrace Verbose: 0 : 4472, 7, 2022/05/19, 23:06:40.840, 3647066462102, vstest.console.dll, TestRunRequest:SendTestRunMessage: Starting.
TpTrace Information: 0 : 4472, 7, 2022/05/19, 23:06:40.840, 3647066462554, vstest.console.dll, TestRunRequest:SendTestRunMessage: Completed.
TpTrace Verbose: 0 : 4472, 7, 2022/05/19, 23:06:40.840, 3647066462876, vstest.console.dll, TcpClientExtensions.MessageLoopAsync: Polling on remoteEndPoint: 127.0.0.1:59457 localEndPoint: 127.0.0.1:59456
TpTrace Verbose: 0 : 4472, 7, 2022/05/19, 23:06:40.876, 3647066822997, vstest.console.dll, TcpClientExtensions.MessageLoopAsync: NotifyDataAvailable remoteEndPoint: 127.0.0.1:59457 localEndPoint: 127.0.0.1:59456
TpTrace Verbose: 0 : 4472, 7, 2022/05/19, 23:06:40.876, 3647066824460, vstest.console.dll, TestRequestSender.OnExecutionMessageReceived: Received message: {"Version":2,"MessageType":"TestExecution.Completed","Payload":{"TestRunCompleteArgs":{"TestRunStatistics":{"ExecutedTests":1,"Stats":{"Passed":1}},"IsCanceled":false,"IsAborted":false,"Error":null,"AttachmentSets":[],"ElapsedTimeInRunningTests":"00:00:00.6825479","Metrics":{}},"LastRunTests":{"NewTestResults":[{"TestCase":{"Id":"83df370c-a8bc-90fc-1cd1-c3c27e86b64f","FullyQualifiedName":"TenistasUnitTest.ControllerTests.TennisPlayersControllerTest.GetTennisPlayer","DisplayName":"TenistasUnitTest.ControllerTests.TennisPlayersControllerTest.GetTennisPlayer","ExecutorUri":"executor://xunit/VsTestRunner2/netcoreapp","Source":"D:\\CalidadPracticaIV\\TenistasAPI\\TenistasUnitTest\\bin\\Debug\\netcoreapp3.1\\fine-code-coverage\\build-output\\TenistasUnitTest.dll","CodeFilePath":null,"LineNumber":0,"Properties":[]},"Attachments":[],"Outcome":1,"ErrorMessage":null,"ErrorStackTrace":null,"DisplayName":"TenistasUnitTest.ControllerTests.TennisPlayersControllerTest.GetTennisPlayer","Messages":[],"ComputerName":"MSI","Duration":"00:00:00.0802918","StartTime":"2022-05-20T03:06:40.8231395+00:00","EndTime":"2022-05-20T03:06:40.8232429+00:00","Properties":[]}],"TestRunStatistics":{"ExecutedTests":1,"Stats":{"Passed":1}},"ActiveTests":[]},"RunAttachments":[],"ExecutorUris":["executor://xunit/VsTestRunner2/netcoreapp"]}}
TpTrace Verbose: 0 : 4472, 7, 2022/05/19, 23:06:40.877, 3647066835181, vstest.console.dll, TestRequestSender.EndSession: Sending end session.
TpTrace Verbose: 0 : 4472, 7, 2022/05/19, 23:06:40.877, 3647066836279, vstest.console.dll, ProxyOperationManager.Close: waiting for test host to exit for 100 ms
TpTrace Warning: 0 : 4472, 13, 2022/05/19, 23:06:40.907, 3647067137958, vstest.console.dll, TestHostManagerCallbacks.ErrorReceivedCallback Test host standard error line: 
TpTrace Verbose: 0 : 4472, 8, 2022/05/19, 23:06:40.920, 3647067268991, vstest.console.dll, TestHostProvider.ExitCallBack: Host exited starting callback.
TpTrace Information: 0 : 4472, 8, 2022/05/19, 23:06:40.921, 3647067273545, vstest.console.dll, TestHostManagerCallbacks.ExitCallBack: Testhost processId: 19620 exited with exitcode: 0 error: ''
TpTrace Verbose: 0 : 4472, 8, 2022/05/19, 23:06:40.921, 3647067274025, vstest.console.dll, DotnetTestHostManager.OnHostExited: invoking OnHostExited callback
TpTrace Verbose: 0 : 4472, 8, 2022/05/19, 23:06:40.921, 3647067274422, vstest.console.dll, CrossPlatEngine.TestHostManagerHostExited: calling on client process exit callback.
TpTrace Information: 0 : 4472, 8, 2022/05/19, 23:06:40.921, 3647067274916, vstest.console.dll, TestRequestSender.OnClientProcessExit: Test host process exited. Standard error: 
TpTrace Information: 0 : 4472, 8, 2022/05/19, 23:06:40.921, 3647067275409, vstest.console.dll, SocketServer.Stop: Stop server endPoint: 127.0.0.1:59456
TpTrace Information: 0 : 4472, 7, 2022/05/19, 23:06:40.921, 3647067275436, vstest.console.dll, SocketServer.Stop: Stop server endPoint: 127.0.0.1:59456
TpTrace Information: 0 : 4472, 8, 2022/05/19, 23:06:40.921, 3647067275661, vstest.console.dll, SocketServer.Stop: Cancellation requested. Stopping message loop.
TpTrace Information: 0 : 4472, 7, 2022/05/19, 23:06:40.921, 3647067276077, vstest.console.dll, SocketServer.Stop: Cancellation requested. Stopping message loop.
TpTrace Information: 0 : 4472, 7, 2022/05/19, 23:06:40.921, 3647067277300, vstest.console.dll, Closing the connection
TpTrace Warning: 0 : 4472, 7, 2022/05/19, 23:06:40.921, 3647067277627, vstest.console.dll, ProxyOperationManager: Timed out waiting for test host to exit. Will terminate process.
TpTrace Verbose: 0 : 4472, 7, 2022/05/19, 23:06:40.922, 3647067280044, vstest.console.dll, ProxyDataCollectionManager.InvokeDataCollectionServiceAction: Starting.
TpTrace Information: 0 : 4472, 7, 2022/05/19, 23:06:40.922, 3647067280436, vstest.console.dll, ProxyDataCollectionManager.AfterTestRunEnd: Get attachment set for datacollector processId: 11244 port: 59450
TpTrace Verbose: 0 : 4472, 7, 2022/05/19, 23:06:40.922, 3647067280842, vstest.console.dll, DataCollectionRequestSender.SendAfterTestRunStartAndGetResult : Send AfterTestRunEnd message with isCancelled: False
TpTrace Verbose: 0 : 4472, 7, 2022/05/19, 23:06:40.925, 3647067311340, vstest.console.dll, DataCollectionRequestSender.SendAfterTestRunStartAndGetResult : Received message: (DataCollection.AfterTestRunEndResult) -> {
  "AttachmentSets": [],
  "Metrics": {}
}
TpTrace Information: 0 : 4472, 7, 2022/05/19, 23:06:40.927, 3647067336668, vstest.console.dll, ProxyDataCollectionManager.InvokeDataCollectionServiceAction: Completed.
TpTrace Warning: 0 : 4472, 10, 2022/05/19, 23:06:40.930, 3647067359833, vstest.console.dll, DataCollectionLauncher.ErrorReceivedCallback datacollector standard error line: 
TpTrace Information: 0 : 4472, 8, 2022/05/19, 23:06:40.933, 3647067398039, vstest.console.dll, DataCollectionLauncher.ExitCallBack: Data collector exited with exitcode: 0 error: ''
TpTrace Verbose: 0 : 4472, 7, 2022/05/19, 23:06:40.967, 3647067733220, vstest.console.dll, TestRunRequest:SendTestRunStatsChange: Starting.
TpTrace Information: 0 : 4472, 7, 2022/05/19, 23:06:40.967, 3647067734963, vstest.console.dll, TestRunRequest:SendTestRunStatsChange: Completed.
TpTrace Verbose: 0 : 4472, 7, 2022/05/19, 23:06:40.967, 3647067736366, vstest.console.dll, ParallelProxyExecutionManager: HandlePartialRunComplete: Total completed clients = 1, Run complete = True, Run canceled: False.
TpTrace Verbose: 0 : 4472, 7, 2022/05/19, 23:06:40.984, 3647067902799, vstest.console.dll, TestRunRequest:TestRunComplete: Starting. IsAborted:False IsCanceled:False.
TpTrace Verbose: 0 : 4472, 7, 2022/05/19, 23:06:40.984, 3647067904889, vstest.console.dll, TestLoggerManager.HandleTestRunComplete: Ignoring as the object is disposed.
TpTrace Information: 0 : 4472, 7, 2022/05/19, 23:06:40.984, 3647067907681, vstest.console.dll, TestRunRequest:TestRunComplete: Completed.
TpTrace Verbose: 0 : 4472, 7, 2022/05/19, 23:06:40.984, 3647067908096, vstest.console.dll, TestRequestSender.SetOperationComplete: Setting operation complete.
TpTrace Verbose: 0 : 4472, 1, 2022/05/19, 23:06:40.984, 3647067908234, vstest.console.dll, TestRunRequest.Dispose: Starting.
TpTrace Information: 0 : 4472, 1, 2022/05/19, 23:06:40.984, 3647067908783, vstest.console.dll, TestRunRequest.Dispose: Completed.
TpTrace Information: 0 : 4472, 7, 2022/05/19, 23:06:40.984, 3647067908394, vstest.console.dll, SocketServer.Stop: Stop server endPoint: 127.0.0.1:59456
TpTrace Information: 0 : 4472, 7, 2022/05/19, 23:06:40.984, 3647067909479, vstest.console.dll, SocketServer.Stop: Cancellation requested. Stopping message loop.
TpTrace Information: 0 : 4472, 1, 2022/05/19, 23:06:40.984, 3647067909123, vstest.console.dll, TestRequestManager.RunTests: run tests completed.
TpTrace Information: 0 : 4472, 7, 2022/05/19, 23:06:40.985, 3647067909859, vstest.console.dll, SocketServer.PrivateStop: Stopping server endPoint: 127.0.0.1:59456 error: 
TpTrace Information: 0 : 4472, 1, 2022/05/19, 23:06:40.985, 3647067911024, vstest.console.dll, RunTestsArgumentProcessor:Execute: Test run is completed.
TpTrace Verbose: 0 : 4472, 1, 2022/05/19, 23:06:40.985, 3647067912502, vstest.console.dll, Executor.Execute: Exiting with exit code of 0
TpTrace Verbose: 0 : 4472, 7, 2022/05/19, 23:06:40.985, 3647067913605, vstest.console.dll, LengthPrefixCommunicationChannel.Dispose: Dispose reader and writer.
TpTrace Information: 0 : 4472, 7, 2022/05/19, 23:06:40.985, 3647067914188, vstest.console.dll, SocketServer.Stop: Raise disconnected event endPoint: 127.0.0.1:59456 error: 
TpTrace Verbose: 0 : 4472, 7, 2022/05/19, 23:06:40.985, 3647067914679, vstest.console.dll, TestRequestSender: OnTestRunAbort: Operation is already complete. Skip error message.
TpTrace Verbose: 0 : 4472, 7, 2022/05/19, 23:06:40.985, 3647067914962, vstest.console.dll, TcpClientExtensions.MessageLoopAsync: exiting MessageLoopAsync remoteEndPoint: 127.0.0.1:59457 localEndPoint: 127.0.0.1:59456
